[+] Containers:
 |- [+] Container: /Game/MyMaps/Level_01
 |   |- [+] ActorDescs:
 |   |   |- Guid:7250ACB5487670C1D87A5DBFE4AB52FE BaseClass: NativeClass:/Script/Engine.StaticMeshActor Name:StaticMeshActor_UAID_02500ED62E82623A02_1847545994 Label:CubeGridToolOutput SpatiallyLoaded:1 Bounds:IsValid=true, Min=(X=1200.000 Y=-2000.000 Z=-100.000), Max=(X=4000.000 Y=-200.000 Z=200.000) RuntimeGrid:None EditorOnly:0 RuntimeOnly:0 HLODRelevant:1 ListedInSceneOutliner:1 IsMainWorldOnly:0
 |   |   |- Guid:9FD8441A44BC873396B1C8BE763052A8 BaseClass: NativeClass:/Script/Engine.WorldDataLayers Name:WorldDataLayers Label:WorldDataLayers SpatiallyLoaded:0 Bounds:Invalid RuntimeGrid:None EditorOnly:0 RuntimeOnly:0 HLODRelevant:0 ListedInSceneOutliner:1 IsMainWorldOnly:1
 |   |   |- Guid:B68D36D2406CFF211BCB5EA593837A22 BaseClass: NativeClass:/Script/Engine.DirectionalLight Name:DirectionalLight_UAID_02500ED62E82623A02_1870910995 Label:DirectionalLight SpatiallyLoaded:0 Bounds:Invalid RuntimeGrid:None EditorOnly:0 RuntimeOnly:0 HLODRelevant:0 ListedInSceneOutliner:1 IsMainWorldOnly:0
 |   |- [+] Clusters:
 |   |   |- [+] [  0]
 |   |   |   |- Guid:7250ACB5487670C1D87A5DBFE4AB52FE BaseClass: NativeClass:/Script/Engine.StaticMeshActor Name:StaticMeshActor_UAID_02500ED62E82623A02_1847545994 Label:CubeGridToolOutput SpatiallyLoaded:1 Bounds:IsValid=true, Min=(X=1200.000 Y=-2000.000 Z=-100.000), Max=(X=4000.000 Y=-200.000 Z=200.000) RuntimeGrid:None EditorOnly:0 RuntimeOnly:0 HLODRelevant:1 ListedInSceneOutliner:1 IsMainWorldOnly:0
 |   |   |- [+] [  1]
 |   |   |   |- Guid:9FD8441A44BC873396B1C8BE763052A8 BaseClass: NativeClass:/Script/Engine.WorldDataLayers Name:WorldDataLayers Label:WorldDataLayers SpatiallyLoaded:0 Bounds:Invalid RuntimeGrid:None EditorOnly:0 RuntimeOnly:0 HLODRelevant:0 ListedInSceneOutliner:1 IsMainWorldOnly:1
 |   |   |- [+] [  2]
 |   |   |   |- Guid:B68D36D2406CFF211BCB5EA593837A22 BaseClass: NativeClass:/Script/Engine.DirectionalLight Name:DirectionalLight_UAID_02500ED62E82623A02_1870910995 Label:DirectionalLight SpatiallyLoaded:0 Bounds:Invalid RuntimeGrid:None EditorOnly:0 RuntimeOnly:0 HLODRelevant:0 ListedInSceneOutliner:1 IsMainWorldOnly:0
 |- ContainerInstances:
 |- [+] MainContainer:
 |   |-        ID: 00000000000000000000000000000000
 |   |-  ParentID: 00000000000000000000000000000000
 |   |-    Bounds: IsValid=true, Min=(X=1200.000 Y=-2000.000 Z=-100.000), Max=(X=4000.000 Y=-200.000 Z=200.000)
 |   |- Transform: 0.000000,0.000000,0.000000|0.000000,0.000000,-0.000000|1.000000,1.000000,1.000000
 |   |- Container: /Game/MyMaps/Level_01
----------------------------------------------------------------------------------------------------------------
Level_01 - Persistent Level
----------------------------------------------------------------------------------------------------------------
[+] Content of Level_01 Persistent Level
 |- Always loaded Actor Count: 2 
 |- Actor Path: /Game/MyMaps/Level_01.Level_01:PersistentLevel.DirectionalLight_UAID_02500ED62E82623A02_1870910995
 |- Actor Package: /Game/__ExternalActors__/MyMaps/Level_01/3/YX/A5EBM8EN7F93I95P4VZ1HP
 |- Actor Path: /Game/MyMaps/Level_01.Level_01:PersistentLevel.WorldDataLayers
 |- Actor Package: /Game/__ExternalActors__/MyMaps/Level_01/A/V8/HOE8MD2YPY4E4U8UYP096V

----------------------------------------------------------------------------------------------------------------
Level_01 - Runtime Hash Set
----------------------------------------------------------------------------------------------------------------
[+] Content of Cell Level_01_MainPartition_0_-1_0_0 (1E87B9ZMOVL81BYBF88MVV1AS)
 |- Actor Count: 1
 |- [+] /Game/MyMaps/Level_01.Level_01:PersistentLevel.StaticMeshActor_UAID_02500ED62E82623A02_1847545994
 |   |-         Package: /Game/__ExternalActors__/MyMaps/Level_01/6/PE/Z3JBDIBNNCPMO7LI59RQPA
 |   |-     Editor Only: 0
 |   |-   Instance Guid: 7250ACB5487670C1D87A5DBFE4AB52FE
 |   |- [+] Container:
 |   |   |-        ID: 00000000000000000000000000000000
 |   |   |- Transform: 0.000000,0.000000,0.000000|0.000000,0.000000,-0.000000|1.000000,1.000000,1.000000

