[+] Containers:
 |- [+] Container: /Game/MyMaps/Level_01
 |   |- [+] ActorDescs:
 |   |   |- Guid:06C0CAAF47089679A1A151AABD4B460D BaseClass:/Game/My3DPlatform/Pickups/BP_Key.BP_Key_C NativeClass:/Script/Engine.Actor Name:BP_Key_C_UAID_02500ED62E826A3A02_1311926419 Label:BP_Key2 SpatiallyLoaded:1 Bounds:IsValid=true, Min=(X=-3495.000 Y=-12415.000 Z=2085.000), Max=(X=-3385.000 Y=-12305.000 Z=2195.000) RuntimeGrid:None EditorOnly:0 RuntimeOnly:0 HLODRelevant:0 ListedInSceneOutliner:1 IsMainWorldOnly:0
 |   |   |- Guid:1D2833AB4E6CFEB38D6F84A2EFDCE249 BaseClass:/Game/My3DPlatform/Core/RespownSystem/BP_HeightRespownVolumne.BP_HeightRespownVolumne_C NativeClass:/Script/Engine.Actor Name:BP_HeightRespownVolumne_C_UAID_02500ED62E82683A02_1370304061 Label:BP_HeightRespownVolumne SpatiallyLoaded:1 Bounds:IsValid=true, Min=(X=-15150.000 Y=-28180.000 Z=-622.000), Max=(X=16850.000 Y=3820.000 Z=-558.000) RuntimeGrid:None EditorOnly:0 RuntimeOnly:0 HLODRelevant:0 ListedInSceneOutliner:1 IsMainWorldOnly:0
 |   |   |- Guid:258067A4499ACA00BDF4DE8F2FC52B3A BaseClass: NativeClass:/Script/Engine.StaticMeshActor Name:StaticMeshActor_UAID_02500ED62E82693A02_1540866238 Label:CubeGridToolOutput2 SpatiallyLoaded:1 Bounds:IsValid=true, Min=(X=-3800.000 Y=-12700.000 Z=1200.000), Max=(X=5100.000 Y=-7800.000 Z=2400.000) RuntimeGrid:None EditorOnly:0 RuntimeOnly:0 HLODRelevant:1 ListedInSceneOutliner:1 IsMainWorldOnly:0
 |   |   |- Guid:363AEA0344FBE745525B0A91220B57D8 BaseClass:/Game/My3DPlatform/Core/RespownSystem/BP_CheckPoint.BP_CheckPoint_C NativeClass:/Script/Engine.Actor Name:BP_CheckPoint_C_UAID_02500ED62E82693A02_1829235240 Label:BP_CheckPoint SpatiallyLoaded:1 Bounds:IsValid=true, Min=(X=78.001 Y=-8130.000 Z=1299.621), Max=(X=380.000 Y=-7970.000 Z=1500.000) RuntimeGrid:None EditorOnly:0 RuntimeOnly:0 HLODRelevant:0 ListedInSceneOutliner:1 IsMainWorldOnly:0
 |   |   |- Guid:3EA8392D4B1DC536B50AE7BE3DCB63D9 BaseClass:/Game/My3DPlatform/Pickups/BP_Key.BP_Key_C NativeClass:/Script/Engine.Actor Name:BP_Key_C_UAID_02500ED62E826A3A02_1196662418 Label:BP_Key SpatiallyLoaded:1 Bounds:IsValid=true, Min=(X=4795.000 Y=-8595.000 Z=2485.000), Max=(X=4905.000 Y=-8485.000 Z=2595.000) RuntimeGrid:None EditorOnly:0 RuntimeOnly:0 HLODRelevant:0 ListedInSceneOutliner:1 IsMainWorldOnly:0
 |   |   |- Guid:574D5179413B93CAEEACE08F726B9614 BaseClass: NativeClass:/Script/Engine.StaticMeshActor Name:StaticMeshActor_UAID_02500ED62E82793A02_1551333063 Label:StaticMeshActor SpatiallyLoaded:1 Bounds:IsValid=true, Min=(X=1300.000 Y=-12450.000 Z=2140.000), Max=(X=1300.000 Y=-12450.000 Z=2140.000) RuntimeGrid:None EditorOnly:0 RuntimeOnly:0 HLODRelevant:0 ListedInSceneOutliner:1 IsMainWorldOnly:0
 |   |   |- Guid:6DCFA6FE4DA89AD63BBBC6A983CCB961 BaseClass:/Game/My3DPlatform/Core/Submarine/Submarine.Submarine_C NativeClass:/Script/Engine.Actor Name:Submarine_C_UAID_02500ED62E826A3A02_2041886421 Label:Submarine SpatiallyLoaded:1 Bounds:IsValid=true, Min=(X=-1188.644 Y=-12804.131 Z=1050.321), Max=(X=1495.511 Y=-8697.209 Z=1409.977) RuntimeGrid:None EditorOnly:0 RuntimeOnly:0 HLODRelevant:0 ListedInSceneOutliner:1 IsMainWorldOnly:0
 |   |   |- Guid:7250ACB5487670C1D87A5DBFE4AB52FE BaseClass: NativeClass:/Script/Engine.StaticMeshActor Name:StaticMeshActor_UAID_02500ED62E82623A02_1847545994 Label:CubeGridToolOutput SpatiallyLoaded:1 Bounds:IsValid=true, Min=(X=-1100.000 Y=-8900.000 Z=-100.000), Max=(X=4000.000 Y=-200.000 Z=1600.000) RuntimeGrid:None EditorOnly:0 RuntimeOnly:0 HLODRelevant:1 ListedInSceneOutliner:1 IsMainWorldOnly:0
 |   |   |- Guid:7FF4EB8744F5F05036AC609A3BC9CB51 BaseClass: NativeClass:/Script/Engine.PlayerStart Name:PlayerStart_UAID_02500ED62E82713A02_1093689654 Label:PlayerStart SpatiallyLoaded:0 Bounds:IsValid=true, Min=(X=-320.000 Y=-8250.000 Z=1300.000), Max=(X=-240.000 Y=-8170.000 Z=1484.000) RuntimeGrid:None EditorOnly:0 RuntimeOnly:0 HLODRelevant:0 ListedInSceneOutliner:1 IsMainWorldOnly:0
 |   |   |- Guid:9C7795A4497E21C538CB768D5AC7939D BaseClass: NativeClass:/Script/Engine.StaticMeshActor Name:StaticMeshActor_UAID_02500ED62E82693A02_1813769239 Label:CubeGridToolOutput3 SpatiallyLoaded:1 Bounds:IsValid=true, Min=(X=2900.000 Y=-10200.000 Z=1200.000), Max=(X=4400.000 Y=-8300.000 Z=2400.000) RuntimeGrid:None EditorOnly:0 RuntimeOnly:0 HLODRelevant:1 ListedInSceneOutliner:1 IsMainWorldOnly:0
 |   |   |- Guid:9FD8441A44BC873396B1C8BE763052A8 BaseClass: NativeClass:/Script/Engine.WorldDataLayers Name:WorldDataLayers Label:WorldDataLayers SpatiallyLoaded:0 Bounds:Invalid RuntimeGrid:None EditorOnly:0 RuntimeOnly:0 HLODRelevant:0 ListedInSceneOutliner:1 IsMainWorldOnly:1
 |   |   |- Guid:B68D36D2406CFF211BCB5EA593837A22 BaseClass: NativeClass:/Script/Engine.DirectionalLight Name:DirectionalLight_UAID_02500ED62E82623A02_1870910995 Label:DirectionalLight SpatiallyLoaded:0 Bounds:Invalid RuntimeGrid:None EditorOnly:0 RuntimeOnly:0 HLODRelevant:0 ListedInSceneOutliner:1 IsMainWorldOnly:0
 |   |   |- Guid:C319AEC847B61AA0EBCFA6B330851694 BaseClass:/Game/My3DPlatform/Core/RespownSystem/BP_CheckPoint.BP_CheckPoint_C NativeClass:/Script/Engine.Actor Name:BP_CheckPoint_C_UAID_02500ED62E82693A02_2091814241 Label:BP_CheckPoint2 SpatiallyLoaded:1 Bounds:IsValid=true, Min=(X=3428.001 Y=-8420.000 Z=1299.621), Max=(X=3730.000 Y=-8260.000 Z=1500.000) RuntimeGrid:None EditorOnly:0 RuntimeOnly:0 HLODRelevant:0 ListedInSceneOutliner:1 IsMainWorldOnly:0
 |   |   |- Guid:DB3CC8BC419FDF3349EDF08F0B7773EB BaseClass:/Game/My3DPlatform/Core/Submarine/Submarine.Submarine_C NativeClass:/Script/Engine.Actor Name:Submarine_C_UAID_02500ED62E82AF3A02_1109704543 Label:Submarine2 SpatiallyLoaded:1 Bounds:IsValid=true, Min=(X=-828.644 Y=-8634.131 Z=1090.321), Max=(X=1855.511 Y=-4527.209 Z=1449.977) RuntimeGrid:None EditorOnly:0 RuntimeOnly:0 HLODRelevant:0 ListedInSceneOutliner:1 IsMainWorldOnly:0
 |   |   |- Guid:DB3EA1154A3FD602CBB711A6D1959812 BaseClass: NativeClass:/Script/Engine.SkyAtmosphere Name:SkyAtmosphere_UAID_02500ED62E82623A02_2092979999 Label:SkyAtmosphere SpatiallyLoaded:0 Bounds:IsValid=true, Min=(X=4190.000 Y=-1360.000 Z=1510.000), Max=(X=4190.000 Y=-1360.000 Z=1510.000) RuntimeGrid:None EditorOnly:0 RuntimeOnly:0 HLODRelevant:0 ListedInSceneOutliner:1 IsMainWorldOnly:0
 |   |   |- Guid:DBBF176546225F02039B2F9499E40F32 BaseClass: NativeClass:/Script/Engine.ExponentialHeightFog Name:ExponentialHeightFog_UAID_02500ED62E82633A02_1078110177 Label:ExponentialHeightFog SpatiallyLoaded:0 Bounds:IsValid=true, Min=(X=2500.000 Y=330.000 Z=1800.000), Max=(X=2500.000 Y=330.000 Z=1800.000) RuntimeGrid:None EditorOnly:0 RuntimeOnly:0 HLODRelevant:0 ListedInSceneOutliner:1 IsMainWorldOnly:0
 |   |   |- Guid:F0819F5B4545C895C0A6ECB2A7159CAE BaseClass: NativeClass:/Script/Engine.StaticMeshActor Name:StaticMeshActor_UAID_02500ED62E826A3A02_1458175420 Label:CubeGridToolOutput4 SpatiallyLoaded:1 Bounds:IsValid=true, Min=(X=-1100.000 Y=-18000.000 Z=1200.000), Max=(X=1400.000 Y=-12900.000 Z=1300.000) RuntimeGrid:None EditorOnly:0 RuntimeOnly:0 HLODRelevant:1 ListedInSceneOutliner:1 IsMainWorldOnly:0
 |   |   |- Guid:FE7F95904DDCF635F5EB5C9EC94457E9 BaseClass: NativeClass:/Script/Engine.SkyLight Name:SkyLight_UAID_02500ED62E82623A02_1987105996 Label:SkyLight SpatiallyLoaded:0 Bounds:IsValid=true, Min=(X=2500.000 Y=330.000 Z=1900.000), Max=(X=2500.000 Y=330.000 Z=1900.000) RuntimeGrid:None EditorOnly:0 RuntimeOnly:0 HLODRelevant:0 ListedInSceneOutliner:1 IsMainWorldOnly:0
 |   |- [+] Clusters:
 |   |   |- [+] [  0]
 |   |   |   |- Guid:06C0CAAF47089679A1A151AABD4B460D BaseClass:/Game/My3DPlatform/Pickups/BP_Key.BP_Key_C NativeClass:/Script/Engine.Actor Name:BP_Key_C_UAID_02500ED62E826A3A02_1311926419 Label:BP_Key2 SpatiallyLoaded:1 Bounds:IsValid=true, Min=(X=-3495.000 Y=-12415.000 Z=2085.000), Max=(X=-3385.000 Y=-12305.000 Z=2195.000) RuntimeGrid:None EditorOnly:0 RuntimeOnly:0 HLODRelevant:0 ListedInSceneOutliner:1 IsMainWorldOnly:0
 |   |   |- [+] [  1]
 |   |   |   |- Guid:1D2833AB4E6CFEB38D6F84A2EFDCE249 BaseClass:/Game/My3DPlatform/Core/RespownSystem/BP_HeightRespownVolumne.BP_HeightRespownVolumne_C NativeClass:/Script/Engine.Actor Name:BP_HeightRespownVolumne_C_UAID_02500ED62E82683A02_1370304061 Label:BP_HeightRespownVolumne SpatiallyLoaded:1 Bounds:IsValid=true, Min=(X=-15150.000 Y=-28180.000 Z=-622.000), Max=(X=16850.000 Y=3820.000 Z=-558.000) RuntimeGrid:None EditorOnly:0 RuntimeOnly:0 HLODRelevant:0 ListedInSceneOutliner:1 IsMainWorldOnly:0
 |   |   |- [+] [  2]
 |   |   |   |- Guid:258067A4499ACA00BDF4DE8F2FC52B3A BaseClass: NativeClass:/Script/Engine.StaticMeshActor Name:StaticMeshActor_UAID_02500ED62E82693A02_1540866238 Label:CubeGridToolOutput2 SpatiallyLoaded:1 Bounds:IsValid=true, Min=(X=-3800.000 Y=-12700.000 Z=1200.000), Max=(X=5100.000 Y=-7800.000 Z=2400.000) RuntimeGrid:None EditorOnly:0 RuntimeOnly:0 HLODRelevant:1 ListedInSceneOutliner:1 IsMainWorldOnly:0
 |   |   |- [+] [  3]
 |   |   |   |- Guid:363AEA0344FBE745525B0A91220B57D8 BaseClass:/Game/My3DPlatform/Core/RespownSystem/BP_CheckPoint.BP_CheckPoint_C NativeClass:/Script/Engine.Actor Name:BP_CheckPoint_C_UAID_02500ED62E82693A02_1829235240 Label:BP_CheckPoint SpatiallyLoaded:1 Bounds:IsValid=true, Min=(X=78.001 Y=-8130.000 Z=1299.621), Max=(X=380.000 Y=-7970.000 Z=1500.000) RuntimeGrid:None EditorOnly:0 RuntimeOnly:0 HLODRelevant:0 ListedInSceneOutliner:1 IsMainWorldOnly:0
 |   |   |- [+] [  4]
 |   |   |   |- Guid:3EA8392D4B1DC536B50AE7BE3DCB63D9 BaseClass:/Game/My3DPlatform/Pickups/BP_Key.BP_Key_C NativeClass:/Script/Engine.Actor Name:BP_Key_C_UAID_02500ED62E826A3A02_1196662418 Label:BP_Key SpatiallyLoaded:1 Bounds:IsValid=true, Min=(X=4795.000 Y=-8595.000 Z=2485.000), Max=(X=4905.000 Y=-8485.000 Z=2595.000) RuntimeGrid:None EditorOnly:0 RuntimeOnly:0 HLODRelevant:0 ListedInSceneOutliner:1 IsMainWorldOnly:0
 |   |   |- [+] [  5]
 |   |   |   |- Guid:574D5179413B93CAEEACE08F726B9614 BaseClass: NativeClass:/Script/Engine.StaticMeshActor Name:StaticMeshActor_UAID_02500ED62E82793A02_1551333063 Label:StaticMeshActor SpatiallyLoaded:1 Bounds:IsValid=true, Min=(X=1300.000 Y=-12450.000 Z=2140.000), Max=(X=1300.000 Y=-12450.000 Z=2140.000) RuntimeGrid:None EditorOnly:0 RuntimeOnly:0 HLODRelevant:0 ListedInSceneOutliner:1 IsMainWorldOnly:0
 |   |   |- [+] [  6]
 |   |   |   |- Guid:6DCFA6FE4DA89AD63BBBC6A983CCB961 BaseClass:/Game/My3DPlatform/Core/Submarine/Submarine.Submarine_C NativeClass:/Script/Engine.Actor Name:Submarine_C_UAID_02500ED62E826A3A02_2041886421 Label:Submarine SpatiallyLoaded:1 Bounds:IsValid=true, Min=(X=-1188.644 Y=-12804.131 Z=1050.321), Max=(X=1495.511 Y=-8697.209 Z=1409.977) RuntimeGrid:None EditorOnly:0 RuntimeOnly:0 HLODRelevant:0 ListedInSceneOutliner:1 IsMainWorldOnly:0
 |   |   |- [+] [  7]
 |   |   |   |- Guid:7250ACB5487670C1D87A5DBFE4AB52FE BaseClass: NativeClass:/Script/Engine.StaticMeshActor Name:StaticMeshActor_UAID_02500ED62E82623A02_1847545994 Label:CubeGridToolOutput SpatiallyLoaded:1 Bounds:IsValid=true, Min=(X=-1100.000 Y=-8900.000 Z=-100.000), Max=(X=4000.000 Y=-200.000 Z=1600.000) RuntimeGrid:None EditorOnly:0 RuntimeOnly:0 HLODRelevant:1 ListedInSceneOutliner:1 IsMainWorldOnly:0
 |   |   |- [+] [  8]
 |   |   |   |- Guid:7FF4EB8744F5F05036AC609A3BC9CB51 BaseClass: NativeClass:/Script/Engine.PlayerStart Name:PlayerStart_UAID_02500ED62E82713A02_1093689654 Label:PlayerStart SpatiallyLoaded:0 Bounds:IsValid=true, Min=(X=-320.000 Y=-8250.000 Z=1300.000), Max=(X=-240.000 Y=-8170.000 Z=1484.000) RuntimeGrid:None EditorOnly:0 RuntimeOnly:0 HLODRelevant:0 ListedInSceneOutliner:1 IsMainWorldOnly:0
 |   |   |- [+] [  9]
 |   |   |   |- Guid:9C7795A4497E21C538CB768D5AC7939D BaseClass: NativeClass:/Script/Engine.StaticMeshActor Name:StaticMeshActor_UAID_02500ED62E82693A02_1813769239 Label:CubeGridToolOutput3 SpatiallyLoaded:1 Bounds:IsValid=true, Min=(X=2900.000 Y=-10200.000 Z=1200.000), Max=(X=4400.000 Y=-8300.000 Z=2400.000) RuntimeGrid:None EditorOnly:0 RuntimeOnly:0 HLODRelevant:1 ListedInSceneOutliner:1 IsMainWorldOnly:0
 |   |   |- [+] [ 10]
 |   |   |   |- Guid:9FD8441A44BC873396B1C8BE763052A8 BaseClass: NativeClass:/Script/Engine.WorldDataLayers Name:WorldDataLayers Label:WorldDataLayers SpatiallyLoaded:0 Bounds:Invalid RuntimeGrid:None EditorOnly:0 RuntimeOnly:0 HLODRelevant:0 ListedInSceneOutliner:1 IsMainWorldOnly:1
 |   |   |- [+] [ 11]
 |   |   |   |- Guid:B68D36D2406CFF211BCB5EA593837A22 BaseClass: NativeClass:/Script/Engine.DirectionalLight Name:DirectionalLight_UAID_02500ED62E82623A02_1870910995 Label:DirectionalLight SpatiallyLoaded:0 Bounds:Invalid RuntimeGrid:None EditorOnly:0 RuntimeOnly:0 HLODRelevant:0 ListedInSceneOutliner:1 IsMainWorldOnly:0
 |   |   |- [+] [ 12]
 |   |   |   |- Guid:C319AEC847B61AA0EBCFA6B330851694 BaseClass:/Game/My3DPlatform/Core/RespownSystem/BP_CheckPoint.BP_CheckPoint_C NativeClass:/Script/Engine.Actor Name:BP_CheckPoint_C_UAID_02500ED62E82693A02_2091814241 Label:BP_CheckPoint2 SpatiallyLoaded:1 Bounds:IsValid=true, Min=(X=3428.001 Y=-8420.000 Z=1299.621), Max=(X=3730.000 Y=-8260.000 Z=1500.000) RuntimeGrid:None EditorOnly:0 RuntimeOnly:0 HLODRelevant:0 ListedInSceneOutliner:1 IsMainWorldOnly:0
 |   |   |- [+] [ 13]
 |   |   |   |- Guid:DB3CC8BC419FDF3349EDF08F0B7773EB BaseClass:/Game/My3DPlatform/Core/Submarine/Submarine.Submarine_C NativeClass:/Script/Engine.Actor Name:Submarine_C_UAID_02500ED62E82AF3A02_1109704543 Label:Submarine2 SpatiallyLoaded:1 Bounds:IsValid=true, Min=(X=-828.644 Y=-8634.131 Z=1090.321), Max=(X=1855.511 Y=-4527.209 Z=1449.977) RuntimeGrid:None EditorOnly:0 RuntimeOnly:0 HLODRelevant:0 ListedInSceneOutliner:1 IsMainWorldOnly:0
 |   |   |- [+] [ 14]
 |   |   |   |- Guid:DB3EA1154A3FD602CBB711A6D1959812 BaseClass: NativeClass:/Script/Engine.SkyAtmosphere Name:SkyAtmosphere_UAID_02500ED62E82623A02_2092979999 Label:SkyAtmosphere SpatiallyLoaded:0 Bounds:IsValid=true, Min=(X=4190.000 Y=-1360.000 Z=1510.000), Max=(X=4190.000 Y=-1360.000 Z=1510.000) RuntimeGrid:None EditorOnly:0 RuntimeOnly:0 HLODRelevant:0 ListedInSceneOutliner:1 IsMainWorldOnly:0
 |   |   |- [+] [ 15]
 |   |   |   |- Guid:DBBF176546225F02039B2F9499E40F32 BaseClass: NativeClass:/Script/Engine.ExponentialHeightFog Name:ExponentialHeightFog_UAID_02500ED62E82633A02_1078110177 Label:ExponentialHeightFog SpatiallyLoaded:0 Bounds:IsValid=true, Min=(X=2500.000 Y=330.000 Z=1800.000), Max=(X=2500.000 Y=330.000 Z=1800.000) RuntimeGrid:None EditorOnly:0 RuntimeOnly:0 HLODRelevant:0 ListedInSceneOutliner:1 IsMainWorldOnly:0
 |   |   |- [+] [ 16]
 |   |   |   |- Guid:F0819F5B4545C895C0A6ECB2A7159CAE BaseClass: NativeClass:/Script/Engine.StaticMeshActor Name:StaticMeshActor_UAID_02500ED62E826A3A02_1458175420 Label:CubeGridToolOutput4 SpatiallyLoaded:1 Bounds:IsValid=true, Min=(X=-1100.000 Y=-18000.000 Z=1200.000), Max=(X=1400.000 Y=-12900.000 Z=1300.000) RuntimeGrid:None EditorOnly:0 RuntimeOnly:0 HLODRelevant:1 ListedInSceneOutliner:1 IsMainWorldOnly:0
 |   |   |- [+] [ 17]
 |   |   |   |- Guid:FE7F95904DDCF635F5EB5C9EC94457E9 BaseClass: NativeClass:/Script/Engine.SkyLight Name:SkyLight_UAID_02500ED62E82623A02_1987105996 Label:SkyLight SpatiallyLoaded:0 Bounds:IsValid=true, Min=(X=2500.000 Y=330.000 Z=1900.000), Max=(X=2500.000 Y=330.000 Z=1900.000) RuntimeGrid:None EditorOnly:0 RuntimeOnly:0 HLODRelevant:0 ListedInSceneOutliner:1 IsMainWorldOnly:0
 |- ContainerInstances:
 |- [+] MainContainer:
 |   |-        ID: 00000000000000000000000000000000
 |   |-  ParentID: 00000000000000000000000000000000
 |   |-    Bounds: IsValid=true, Min=(X=-15150.000 Y=-28180.000 Z=-622.000), Max=(X=16850.000 Y=3820.000 Z=2595.000)
 |   |- Transform: 0.000000,0.000000,0.000000|0.000000,0.000000,-0.000000|1.000000,1.000000,1.000000
 |   |- Container: /Game/MyMaps/Level_01
----------------------------------------------------------------------------------------------------------------
Level_01 - Persistent Level
----------------------------------------------------------------------------------------------------------------
[+] Content of Level_01 Persistent Level
 |- Always loaded Actor Count: 6 
 |- Actor Path: /Game/MyMaps/Level_01.Level_01:PersistentLevel.DirectionalLight_UAID_02500ED62E82623A02_1870910995
 |- Actor Package: /Game/__ExternalActors__/MyMaps/Level_01/3/YX/A5EBM8EN7F93I95P4VZ1HP
 |- Actor Path: /Game/MyMaps/Level_01.Level_01:PersistentLevel.ExponentialHeightFog_UAID_02500ED62E82633A02_1078110177
 |- Actor Package: /Game/__ExternalActors__/MyMaps/Level_01/8/LV/MQYYW853DZ4HBRRYM7MWQI
 |- Actor Path: /Game/MyMaps/Level_01.Level_01:PersistentLevel.PlayerStart_UAID_02500ED62E82713A02_1093689654
 |- Actor Package: /Game/__ExternalActors__/MyMaps/Level_01/3/IZ/YJ3IGDR0RW0Q01UHTVWUCZ
 |- Actor Path: /Game/MyMaps/Level_01.Level_01:PersistentLevel.SkyAtmosphere_UAID_02500ED62E82623A02_2092979999
 |- Actor Package: /Game/__ExternalActors__/MyMaps/Level_01/5/1E/JGYZ4E8H5I9HNYT4WANB26
 |- Actor Path: /Game/MyMaps/Level_01.Level_01:PersistentLevel.SkyLight_UAID_02500ED62E82623A02_1987105996
 |- Actor Package: /Game/__ExternalActors__/MyMaps/Level_01/7/0O/ZHSTB67GYRKHR4LZFEYYQY
 |- Actor Path: /Game/MyMaps/Level_01.Level_01:PersistentLevel.WorldDataLayers
 |- Actor Package: /Game/__ExternalActors__/MyMaps/Level_01/A/V8/HOE8MD2YPY4E4U8UYP096V

----------------------------------------------------------------------------------------------------------------
Level_01 - Runtime Hash Set
----------------------------------------------------------------------------------------------------------------
[+] Content of Cell Level_01_MainPartition_0_-1_0_0 (1E87B9ZMOVL81BYBF88MVV1AS)
 |- Actor Count: 9
 |- [+] /Game/MyMaps/Level_01.Level_01:PersistentLevel.StaticMeshActor_UAID_02500ED62E82693A02_1540866238
 |   |-         Package: /Game/__ExternalActors__/MyMaps/Level_01/0/D8/SARBYBP1NHSAAKTMGPA55O
 |   |-     Editor Only: 0
 |   |-   Instance Guid: 258067A4499ACA00BDF4DE8F2FC52B3A
 |   |- [+] Container:
 |   |   |-        ID: 00000000000000000000000000000000
 |   |   |- Transform: 0.000000,0.000000,0.000000|0.000000,0.000000,-0.000000|1.000000,1.000000,1.000000
 |- [+] /Game/MyMaps/Level_01.Level_01:PersistentLevel.BP_CheckPoint_C_UAID_02500ED62E82693A02_1829235240
 |   |-         Package: /Game/__ExternalActors__/MyMaps/Level_01/9/4C/5M2M7JCK40MV8SMBILVG5W
 |   |-     Editor Only: 0
 |   |-   Instance Guid: 363AEA0344FBE745525B0A91220B57D8
 |   |- [+] Container:
 |   |   |-        ID: 00000000000000000000000000000000
 |   |   |- Transform: 0.000000,0.000000,0.000000|0.000000,0.000000,-0.000000|1.000000,1.000000,1.000000
 |- [+] /Game/MyMaps/Level_01.Level_01:PersistentLevel.BP_Key_C_UAID_02500ED62E826A3A02_1196662418
 |   |-         Package: /Game/__ExternalActors__/MyMaps/Level_01/C/I6/O6OWPOWJSTRZK1EK5QAX7V
 |   |-     Editor Only: 0
 |   |-   Instance Guid: 3EA8392D4B1DC536B50AE7BE3DCB63D9
 |   |- [+] Container:
 |   |   |-        ID: 00000000000000000000000000000000
 |   |   |- Transform: 0.000000,0.000000,0.000000|0.000000,0.000000,-0.000000|1.000000,1.000000,1.000000
 |- [+] /Game/MyMaps/Level_01.Level_01:PersistentLevel.StaticMeshActor_UAID_02500ED62E82793A02_1551333063
 |   |-         Package: /Game/__ExternalActors__/MyMaps/Level_01/7/LK/2QO2KGZQHQMPOQ9E1LVWB7
 |   |-     Editor Only: 0
 |   |-   Instance Guid: 574D5179413B93CAEEACE08F726B9614
 |   |- [+] Container:
 |   |   |-        ID: 00000000000000000000000000000000
 |   |   |- Transform: 0.000000,0.000000,0.000000|0.000000,0.000000,-0.000000|1.000000,1.000000,1.000000
 |- [+] /Game/MyMaps/Level_01.Level_01:PersistentLevel.Submarine_C_UAID_02500ED62E826A3A02_2041886421
 |   |-         Package: /Game/__ExternalActors__/MyMaps/Level_01/D/6W/TE9CL51NMN8E9ZLZKC9CRS
 |   |-     Editor Only: 0
 |   |-   Instance Guid: 6DCFA6FE4DA89AD63BBBC6A983CCB961
 |   |- [+] Container:
 |   |   |-        ID: 00000000000000000000000000000000
 |   |   |- Transform: 0.000000,0.000000,0.000000|0.000000,0.000000,-0.000000|1.000000,1.000000,1.000000
 |- [+] /Game/MyMaps/Level_01.Level_01:PersistentLevel.StaticMeshActor_UAID_02500ED62E82623A02_1847545994
 |   |-         Package: /Game/__ExternalActors__/MyMaps/Level_01/6/PE/Z3JBDIBNNCPMO7LI59RQPA
 |   |-     Editor Only: 0
 |   |-   Instance Guid: 7250ACB5487670C1D87A5DBFE4AB52FE
 |   |- [+] Container:
 |   |   |-        ID: 00000000000000000000000000000000
 |   |   |- Transform: 0.000000,0.000000,0.000000|0.000000,0.000000,-0.000000|1.000000,1.000000,1.000000
 |- [+] /Game/MyMaps/Level_01.Level_01:PersistentLevel.StaticMeshActor_UAID_02500ED62E82693A02_1813769239
 |   |-         Package: /Game/__ExternalActors__/MyMaps/Level_01/6/8R/9JULUJCXN422T9UA62SIVQ
 |   |-     Editor Only: 0
 |   |-   Instance Guid: 9C7795A4497E21C538CB768D5AC7939D
 |   |- [+] Container:
 |   |   |-        ID: 00000000000000000000000000000000
 |   |   |- Transform: 0.000000,0.000000,0.000000|0.000000,0.000000,-0.000000|1.000000,1.000000,1.000000
 |- [+] /Game/MyMaps/Level_01.Level_01:PersistentLevel.BP_CheckPoint_C_UAID_02500ED62E82693A02_2091814241
 |   |-         Package: /Game/__ExternalActors__/MyMaps/Level_01/6/BG/FB95K919KAJ786PUWSZD7R
 |   |-     Editor Only: 0
 |   |-   Instance Guid: C319AEC847B61AA0EBCFA6B330851694
 |   |- [+] Container:
 |   |   |-        ID: 00000000000000000000000000000000
 |   |   |- Transform: 0.000000,0.000000,0.000000|0.000000,0.000000,-0.000000|1.000000,1.000000,1.000000
 |- [+] /Game/MyMaps/Level_01.Level_01:PersistentLevel.Submarine_C_UAID_02500ED62E82AF3A02_1109704543
 |   |-         Package: /Game/__ExternalActors__/MyMaps/Level_01/4/15/WWQGRB1YZK49O34LB0R4A2
 |   |-     Editor Only: 0
 |   |-   Instance Guid: DB3CC8BC419FDF3349EDF08F0B7773EB
 |   |- [+] Container:
 |   |   |-        ID: 00000000000000000000000000000000
 |   |   |- Transform: 0.000000,0.000000,0.000000|0.000000,0.000000,-0.000000|1.000000,1.000000,1.000000
[+] Content of Cell Level_01_MainPartition_-1_-1_0_0 (B0C8TP7P9KB1UZ8TJZVCXTPV0)
 |- Actor Count: 1
 |- [+] /Game/MyMaps/Level_01.Level_01:PersistentLevel.BP_Key_C_UAID_02500ED62E826A3A02_1311926419
 |   |-         Package: /Game/__ExternalActors__/MyMaps/Level_01/3/8L/UE4X1Z6UVK5Z07BLKZXGPO
 |   |-     Editor Only: 0
 |   |-   Instance Guid: 06C0CAAF47089679A1A151AABD4B460D
 |   |- [+] Container:
 |   |   |-        ID: 00000000000000000000000000000000
 |   |   |- Transform: 0.000000,0.000000,0.000000|0.000000,0.000000,-0.000000|1.000000,1.000000,1.000000
[+] Content of Cell Level_01_MainPartition_0_-1_-1_2 (BLHQZ8H3P32L0SY8N6FKSOV48)
 |- Actor Count: 1
 |- [+] /Game/MyMaps/Level_01.Level_01:PersistentLevel.BP_HeightRespownVolumne_C_UAID_02500ED62E82683A02_1370304061
 |   |-         Package: /Game/__ExternalActors__/MyMaps/Level_01/7/UT/SETL2HHE67YWRATI5LE843
 |   |-     Editor Only: 0
 |   |-   Instance Guid: 1D2833AB4E6CFEB38D6F84A2EFDCE249
 |   |- [+] Container:
 |   |   |-        ID: 00000000000000000000000000000000
 |   |   |- Transform: 0.000000,0.000000,0.000000|0.000000,0.000000,-0.000000|1.000000,1.000000,1.000000
[+] Content of Cell Level_01_MainPartition_0_-2_0_0 (D3450MZ0OCK6VMSGNFE9L8J2C)
 |- Actor Count: 1
 |- [+] /Game/MyMaps/Level_01.Level_01:PersistentLevel.StaticMeshActor_UAID_02500ED62E826A3A02_1458175420
 |   |-         Package: /Game/__ExternalActors__/MyMaps/Level_01/2/2U/M0W9U84XKQL0KYSTWRXLHW
 |   |-     Editor Only: 0
 |   |-   Instance Guid: F0819F5B4545C895C0A6ECB2A7159CAE
 |   |- [+] Container:
 |   |   |-        ID: 00000000000000000000000000000000
 |   |   |- Transform: 0.000000,0.000000,0.000000|0.000000,0.000000,-0.000000|1.000000,1.000000,1.000000

