[+] Containers:
 |- [+] Container: /Game/MyMaps/Level_01
 |   |- [+] ActorDescs:
 |   |   |- Guid:9FD8441A44BC873396B1C8BE763052A8 BaseClass: NativeClass:/Script/Engine.WorldDataLayers Name:WorldDataLayers Label:WorldDataLayers SpatiallyLoaded:0 Bounds:Invalid RuntimeGrid:None EditorOnly:0 RuntimeOnly:0 HLODRelevant:0 ListedInSceneOutliner:1 IsMainWorldOnly:1
 |   |- [+] Clusters:
 |   |   |- [+] [  0]
 |   |   |   |- Guid:9FD8441A44BC873396B1C8BE763052A8 BaseClass: NativeClass:/Script/Engine.WorldDataLayers Name:WorldDataLayers Label:WorldDataLayers SpatiallyLoaded:0 Bounds:Invalid RuntimeGrid:None EditorOnly:0 RuntimeOnly:0 HLODRelevant:0 ListedInSceneOutliner:1 IsMainWorldOnly:1
 |- ContainerInstances:
 |- [+] MainContainer:
 |   |-        ID: 00000000000000000000000000000000
 |   |-  ParentID: 00000000000000000000000000000000
 |   |-    Bounds: IsValid=false, Min=(X=0.000 Y=0.000 Z=0.000), Max=(X=0.000 Y=0.000 Z=0.000)
 |   |- Transform: 0.000000,0.000000,0.000000|0.000000,0.000000,-0.000000|1.000000,1.000000,1.000000
 |   |- Container: /Game/MyMaps/Level_01
----------------------------------------------------------------------------------------------------------------
Level_01 - Persistent Level
----------------------------------------------------------------------------------------------------------------
[+] Content of Level_01 Persistent Level
 |- Always loaded Actor Count: 1 
 |- Actor Path: /Game/MyMaps/Level_01.Level_01:PersistentLevel.WorldDataLayers
 |- Actor Package: /Game/__ExternalActors__/MyMaps/Level_01/A/V8/HOE8MD2YPY4E4U8UYP096V

----------------------------------------------------------------------------------------------------------------
Level_01 - Runtime Hash Set
----------------------------------------------------------------------------------------------------------------

