[+] Containers:
 |- [+] Container: /Game/MyMaps/Level_01
 |   |- [+] ActorDescs:
 |   |   |- Guid:06C0CAAF47089679A1A151AABD4B460D BaseClass:/Game/My3DPlatform/Pickups/BP_Key.BP_Key_C NativeClass:/Script/Engine.Actor Name:BP_Key_C_UAID_02500ED62E826A3A02_1311926419 Label:BP_Key2 SpatiallyLoaded:1 Bounds:IsValid=true, Min=(X=-3495.000 Y=-12415.000 Z=2085.000), Max=(X=-3385.000 Y=-12305.000 Z=2195.000) RuntimeGrid:None EditorOnly:0 RuntimeOnly:0 HLODRelevant:0 ListedInSceneOutliner:1 IsMainWorldOnly:0
 |   |   |- Guid:0C46AA9A434FB7ACA078E1B07C887AE6 BaseClass: NativeClass:/Script/Engine.StaticMeshActor Name:StaticMeshActor_UAID_02500ED62E82C03A02_2091739555 Label:SM_KitGround_Cobblestone2 SpatiallyLoaded:1 Bounds:IsValid=true, Min=(X=-357.895 Y=-8762.358 Z=1305.078), Max=(X=691.503 Y=-7663.912 Z=1319.357) RuntimeGrid:None EditorOnly:0 RuntimeOnly:0 HLODRelevant:1 ListedInSceneOutliner:1 IsMainWorldOnly:0
 |   |   |- Guid:1D2833AB4E6CFEB38D6F84A2EFDCE249 BaseClass:/Game/My3DPlatform/Core/RespownSystem/BP_HeightRespownVolumne.BP_HeightRespownVolumne_C NativeClass:/Script/Engine.Actor Name:BP_HeightRespownVolumne_C_UAID_02500ED62E82683A02_1370304061 Label:BP_HeightRespownVolumne SpatiallyLoaded:1 Bounds:IsValid=true, Min=(X=-15150.000 Y=-28180.000 Z=-622.000), Max=(X=16850.000 Y=3820.000 Z=-558.000) RuntimeGrid:None EditorOnly:0 RuntimeOnly:0 HLODRelevant:0 ListedInSceneOutliner:1 IsMainWorldOnly:0
 |   |   |- Guid:258067A4499ACA00BDF4DE8F2FC52B3A BaseClass: NativeClass:/Script/Engine.StaticMeshActor Name:StaticMeshActor_UAID_02500ED62E82693A02_1540866238 Label:CubeGridToolOutput2 SpatiallyLoaded:1 Bounds:IsValid=true, Min=(X=-3800.000 Y=-12700.000 Z=1200.000), Max=(X=5100.000 Y=-7800.000 Z=2400.000) RuntimeGrid:None EditorOnly:0 RuntimeOnly:0 HLODRelevant:1 ListedInSceneOutliner:1 IsMainWorldOnly:0
 |   |   |- Guid:2AE0B78E44AA242A1DFC4A8495716C0F BaseClass: NativeClass:/Script/Engine.StaticMeshActor Name:StaticMeshActor_UAID_02500ED62E82C03A02_1968808553 Label:SM_KitCottage_Awning4 SpatiallyLoaded:1 Bounds:IsValid=true, Min=(X=-306.682 Y=-6753.683 Z=1162.686), Max=(X=-87.953 Y=-6664.987 Z=1232.043) RuntimeGrid:None EditorOnly:0 RuntimeOnly:0 HLODRelevant:1 ListedInSceneOutliner:1 IsMainWorldOnly:0
 |   |   |- Guid:363AEA0344FBE745525B0A91220B57D8 BaseClass:/Game/My3DPlatform/Core/RespownSystem/BP_CheckPoint.BP_CheckPoint_C NativeClass:/Script/Engine.Actor Name:BP_CheckPoint_C_UAID_02500ED62E82693A02_1829235240 Label:BP_CheckPoint SpatiallyLoaded:1 Bounds:IsValid=true, Min=(X=78.001 Y=-8130.000 Z=1329.621), Max=(X=380.000 Y=-7970.000 Z=1530.000) RuntimeGrid:None EditorOnly:0 RuntimeOnly:0 HLODRelevant:0 ListedInSceneOutliner:1 IsMainWorldOnly:0
 |   |   |- Guid:3E1613D74D8B00058EB547AF4AE39FD4 BaseClass: NativeClass:/Script/Engine.StaticMeshActor Name:StaticMeshActor_UAID_02500ED62E82C03A02_2051529554 Label:SM_KitGround_Cobblestone SpatiallyLoaded:1 Bounds:IsValid=true, Min=(X=-357.895 Y=-7802.358 Z=1305.078), Max=(X=691.503 Y=-6703.912 Z=1319.357) RuntimeGrid:None EditorOnly:0 RuntimeOnly:0 HLODRelevant:1 ListedInSceneOutliner:1 IsMainWorldOnly:0
 |   |   |- Guid:3EA8392D4B1DC536B50AE7BE3DCB63D9 BaseClass:/Game/My3DPlatform/Pickups/BP_Key.BP_Key_C NativeClass:/Script/Engine.Actor Name:BP_Key_C_UAID_02500ED62E826A3A02_1196662418 Label:BP_Key SpatiallyLoaded:1 Bounds:IsValid=true, Min=(X=4795.000 Y=-8595.000 Z=2485.000), Max=(X=4905.000 Y=-8485.000 Z=2595.000) RuntimeGrid:None EditorOnly:0 RuntimeOnly:0 HLODRelevant:0 ListedInSceneOutliner:1 IsMainWorldOnly:0
 |   |   |- Guid:52182859432087CE335B18BA572531EA BaseClass: NativeClass:/Script/Engine.StaticMeshActor Name:StaticMeshActor_UAID_02500ED62E82C03A02_1286898542 Label:MA_setDressing_c SpatiallyLoaded:1 Bounds:IsValid=true, Min=(X=-61.032 Y=-2605.230 Z=378.665), Max=(X=281.255 Y=-2262.672 Z=721.481) RuntimeGrid:None EditorOnly:0 RuntimeOnly:0 HLODRelevant:1 ListedInSceneOutliner:1 IsMainWorldOnly:0
 |   |   |- Guid:574D5179413B93CAEEACE08F726B9614 BaseClass: NativeClass:/Script/Engine.StaticMeshActor Name:StaticMeshActor_UAID_02500ED62E82793A02_1551333063 Label:StaticMeshActor SpatiallyLoaded:1 Bounds:IsValid=true, Min=(X=1300.000 Y=-12450.000 Z=2140.000), Max=(X=1300.000 Y=-12450.000 Z=2140.000) RuntimeGrid:None EditorOnly:0 RuntimeOnly:0 HLODRelevant:0 ListedInSceneOutliner:1 IsMainWorldOnly:0
 |   |   |- Guid:5C6D774E4051552A132C58B55BCC0753 BaseClass: NativeClass:/Script/Engine.StaticMeshActor Name:StaticMeshActor_UAID_02500ED62E82BF3A02_2105224362 Label:SM_FloatingIsland_S SpatiallyLoaded:1 Bounds:IsValid=true, Min=(X=1070.932 Y=-1326.324 Z=-362.037), Max=(X=1978.541 Y=-675.450 Z=255.025) RuntimeGrid:None EditorOnly:0 RuntimeOnly:0 HLODRelevant:1 ListedInSceneOutliner:1 IsMainWorldOnly:0
 |   |   |- Guid:5E79B5A543FA5B914C4374916BB21468 BaseClass: NativeClass:/Script/Engine.StaticMeshActor Name:StaticMeshActor_UAID_02500ED62E82C03A02_1469830543 Label:MA_setDressing_c2 SpatiallyLoaded:1 Bounds:IsValid=true, Min=(X=-103.790 Y=-3346.537 Z=455.832), Max=(X=324.069 Y=-2918.341 Z=884.351) RuntimeGrid:None EditorOnly:0 RuntimeOnly:0 HLODRelevant:1 ListedInSceneOutliner:1 IsMainWorldOnly:0
 |   |   |- Guid:6DA727B841F81CC3E11638A3A5C1C3DC BaseClass: NativeClass:/Script/Engine.StaticMeshActor Name:StaticMeshActor_UAID_02500ED62E82BF3A02_1985831361 Label:SM_FloatingIsland_M SpatiallyLoaded:1 Bounds:IsValid=true, Min=(X=2159.345 Y=-2153.025 Z=-1935.645), Max=(X=4504.277 Y=88.841 Z=-0.140) RuntimeGrid:None EditorOnly:0 RuntimeOnly:0 HLODRelevant:1 ListedInSceneOutliner:1 IsMainWorldOnly:0
 |   |   |- Guid:6DCFA6FE4DA89AD63BBBC6A983CCB961 BaseClass:/Game/My3DPlatform/Core/Submarine/Submarine.Submarine_C NativeClass:/Script/Engine.Actor Name:Submarine_C_UAID_02500ED62E826A3A02_2041886421 Label:Submarine SpatiallyLoaded:1 Bounds:IsValid=true, Min=(X=-1248.644 Y=-12892.074 Z=1050.321), Max=(X=1438.315 Y=-8757.209 Z=1409.977) RuntimeGrid:None EditorOnly:0 RuntimeOnly:0 HLODRelevant:0 ListedInSceneOutliner:1 IsMainWorldOnly:0
 |   |   |- Guid:7250ACB5487670C1D87A5DBFE4AB52FE BaseClass: NativeClass:/Script/Engine.StaticMeshActor Name:StaticMeshActor_UAID_02500ED62E82623A02_1847545994 Label:CubeGridToolOutput SpatiallyLoaded:1 Bounds:IsValid=true, Min=(X=-1100.000 Y=-8900.000 Z=-100.000), Max=(X=4000.000 Y=-200.000 Z=1600.000) RuntimeGrid:None EditorOnly:0 RuntimeOnly:0 HLODRelevant:1 ListedInSceneOutliner:1 IsMainWorldOnly:0
 |   |   |- Guid:7FF4EB8744F5F05036AC609A3BC9CB51 BaseClass: NativeClass:/Script/Engine.PlayerStart Name:PlayerStart_UAID_02500ED62E82713A02_1093689654 Label:PlayerStart SpatiallyLoaded:0 Bounds:IsValid=true, Min=(X=-320.000 Y=-8250.000 Z=1300.000), Max=(X=-240.000 Y=-8170.000 Z=1484.000) RuntimeGrid:None EditorOnly:0 RuntimeOnly:0 HLODRelevant:0 ListedInSceneOutliner:1 IsMainWorldOnly:0
 |   |   |- Guid:81390D4746D85CD0754807AC929F8EE4 BaseClass: NativeClass:/Script/Engine.StaticMeshActor Name:StaticMeshActor_UAID_02500ED62E82C03A02_1769979548 Label:SM_Kit_Roof_Corner_Out2 SpatiallyLoaded:1 Bounds:IsValid=true, Min=(X=220.000 Y=-6680.000 Z=788.073), Max=(X=643.777 Y=-6256.223 Z=1208.187) RuntimeGrid:None EditorOnly:0 RuntimeOnly:0 HLODRelevant:1 ListedInSceneOutliner:1 IsMainWorldOnly:0
 |   |   |- Guid:91BCC7C74F6099AF13E1B1898FB2B722 BaseClass: NativeClass:/Script/Engine.StaticMeshActor Name:StaticMeshActor_UAID_02500ED62E82C03A02_1923071550 Label:SM_KitCottage_Awning SpatiallyLoaded:1 Bounds:IsValid=true, Min=(X=103.318 Y=-6753.683 Z=1162.686), Max=(X=322.047 Y=-6664.987 Z=1232.043) RuntimeGrid:None EditorOnly:0 RuntimeOnly:0 HLODRelevant:1 ListedInSceneOutliner:1 IsMainWorldOnly:0
 |   |   |- Guid:9352633E41590EBD885C0CB6D597A500 BaseClass: NativeClass:/Script/Engine.StaticMeshActor Name:StaticMeshActor_UAID_02500ED62E82C03A02_1522011544 Label:MA_setDressing_c3 SpatiallyLoaded:1 Bounds:IsValid=true, Min=(X=-103.790 Y=-3716.537 Z=455.832), Max=(X=324.069 Y=-3288.341 Z=884.351) RuntimeGrid:None EditorOnly:0 RuntimeOnly:0 HLODRelevant:1 ListedInSceneOutliner:1 IsMainWorldOnly:0
 |   |   |- Guid:97D4C1CD4426E50AC4F08EBE467363B7 BaseClass: NativeClass:/Script/Engine.StaticMeshActor Name:StaticMeshActor_UAID_02500ED62E82C03A02_1217073541 Label:SM_FloatingIsland_S4 SpatiallyLoaded:1 Bounds:IsValid=true, Min=(X=-420.592 Y=-2247.433 Z=116.769), Max=(X=365.209 Y=-1407.085 Z=499.943) RuntimeGrid:None EditorOnly:0 RuntimeOnly:0 HLODRelevant:1 ListedInSceneOutliner:1 IsMainWorldOnly:0
 |   |   |- Guid:9855DBA54E200CBD971A398BAA7364B8 BaseClass: NativeClass:/Script/Engine.StaticMeshActor Name:StaticMeshActor_UAID_02500ED62E82C03A02_1957786551 Label:SM_KitCottage_Awning2 SpatiallyLoaded:1 Bounds:IsValid=true, Min=(X=263.318 Y=-6753.683 Z=1162.686), Max=(X=482.047 Y=-6664.987 Z=1232.043) RuntimeGrid:None EditorOnly:0 RuntimeOnly:0 HLODRelevant:1 ListedInSceneOutliner:1 IsMainWorldOnly:0
 |   |   |- Guid:9C7795A4497E21C538CB768D5AC7939D BaseClass: NativeClass:/Script/Engine.StaticMeshActor Name:StaticMeshActor_UAID_02500ED62E82693A02_1813769239 Label:CubeGridToolOutput3 SpatiallyLoaded:1 Bounds:IsValid=true, Min=(X=2900.000 Y=-10200.000 Z=1200.000), Max=(X=4400.000 Y=-8300.000 Z=2400.000) RuntimeGrid:None EditorOnly:0 RuntimeOnly:0 HLODRelevant:1 ListedInSceneOutliner:1 IsMainWorldOnly:0
 |   |   |- Guid:9FD8441A44BC873396B1C8BE763052A8 BaseClass: NativeClass:/Script/Engine.WorldDataLayers Name:WorldDataLayers Label:WorldDataLayers SpatiallyLoaded:0 Bounds:Invalid RuntimeGrid:None EditorOnly:0 RuntimeOnly:0 HLODRelevant:0 ListedInSceneOutliner:1 IsMainWorldOnly:1
 |   |   |- Guid:A1ACFDE54CA57DE975209DB49437A200 BaseClass: NativeClass:/Script/Engine.StaticMeshActor Name:StaticMeshActor_UAID_02500ED62E82C03A02_2105764556 Label:SM_KitGround_Cobblestone3 SpatiallyLoaded:1 Bounds:IsValid=true, Min=(X=372.105 Y=-8762.358 Z=1305.078), Max=(X=1421.503 Y=-7663.912 Z=1319.357) RuntimeGrid:None EditorOnly:0 RuntimeOnly:0 HLODRelevant:1 ListedInSceneOutliner:1 IsMainWorldOnly:0
 |   |   |- Guid:A503987548686E88FC222089D7B3419B BaseClass: NativeClass:/Script/Engine.StaticMeshActor Name:StaticMeshActor_UAID_02500ED62E82C03A02_1118737539 Label:SM_FloatingIsland_S2 SpatiallyLoaded:1 Bounds:IsValid=true, Min=(X=1044.037 Y=-2055.059 Z=-83.231), Max=(X=1713.761 Y=-1534.360 Z=299.943) RuntimeGrid:None EditorOnly:0 RuntimeOnly:0 HLODRelevant:1 ListedInSceneOutliner:1 IsMainWorldOnly:0
 |   |   |- Guid:B2D501B647558C23822207A7D25476E3 BaseClass: NativeClass:/Script/Engine.StaticMeshActor Name:StaticMeshActor_UAID_02500ED62E82C03A02_1615083546 Label:SM_FloatingIsland_L_Grass SpatiallyLoaded:1 Bounds:IsValid=true, Min=(X=-1485.275 Y=-6506.185 Z=614.737), Max=(X=1483.540 Y=-4233.278 Z=799.865) RuntimeGrid:None EditorOnly:0 RuntimeOnly:0 HLODRelevant:1 ListedInSceneOutliner:1 IsMainWorldOnly:0
 |   |   |- Guid:B60860744F32EEAD63C6948322B825D3 BaseClass: NativeClass:/Script/Engine.StaticMeshActor Name:StaticMeshActor_UAID_02500ED62E82C03A02_1965377552 Label:SM_KitCottage_Awning3 SpatiallyLoaded:1 Bounds:IsValid=true, Min=(X=-106.682 Y=-6753.683 Z=1162.686), Max=(X=112.047 Y=-6664.987 Z=1232.043) RuntimeGrid:None EditorOnly:0 RuntimeOnly:0 HLODRelevant:1 ListedInSceneOutliner:1 IsMainWorldOnly:0
 |   |   |- Guid:B68D36D2406CFF211BCB5EA593837A22 BaseClass: NativeClass:/Script/Engine.DirectionalLight Name:DirectionalLight_UAID_02500ED62E82623A02_1870910995 Label:DirectionalLight SpatiallyLoaded:0 Bounds:Invalid RuntimeGrid:None EditorOnly:0 RuntimeOnly:0 HLODRelevant:0 ListedInSceneOutliner:1 IsMainWorldOnly:0
 |   |   |- Guid:B8BE28FE490E76B7605B9C97DB035CCA BaseClass: NativeClass:/Script/Engine.StaticMeshActor Name:StaticMeshActor_UAID_02500ED62E82C03A02_2118621557 Label:SM_KitGround_Cobblestone4 SpatiallyLoaded:1 Bounds:IsValid=true, Min=(X=-1107.895 Y=-8762.358 Z=1305.078), Max=(X=-58.497 Y=-7663.912 Z=1319.357) RuntimeGrid:None EditorOnly:0 RuntimeOnly:0 HLODRelevant:1 ListedInSceneOutliner:1 IsMainWorldOnly:0
 |   |   |- Guid:C319AEC847B61AA0EBCFA6B330851694 BaseClass:/Game/My3DPlatform/Core/RespownSystem/BP_CheckPoint.BP_CheckPoint_C NativeClass:/Script/Engine.Actor Name:BP_CheckPoint_C_UAID_02500ED62E82693A02_2091814241 Label:BP_CheckPoint2 SpatiallyLoaded:1 Bounds:IsValid=true, Min=(X=3428.001 Y=-8420.000 Z=1299.621), Max=(X=3730.000 Y=-8260.000 Z=1500.000) RuntimeGrid:None EditorOnly:0 RuntimeOnly:0 HLODRelevant:0 ListedInSceneOutliner:1 IsMainWorldOnly:0
 |   |   |- Guid:C90CD5B14D90F436529509876BD69489 BaseClass: NativeClass:/Script/Engine.StaticMeshActor Name:StaticMeshActor_UAID_02500ED62E82C03A02_1558549545 Label:MA_setDressing_c4 SpatiallyLoaded:1 Bounds:IsValid=true, Min=(X=-103.790 Y=-4116.537 Z=455.832), Max=(X=324.069 Y=-3688.341 Z=884.351) RuntimeGrid:None EditorOnly:0 RuntimeOnly:0 HLODRelevant:1 ListedInSceneOutliner:1 IsMainWorldOnly:0
 |   |   |- Guid:D91667F3473269DAB8A9268DD1EFF4FD BaseClass: NativeClass:/Script/Engine.StaticMeshActor Name:StaticMeshActor_UAID_02500ED62E82C03A02_1719610547 Label:SM_Kit_Roof_Corner_Out SpatiallyLoaded:1 Bounds:IsValid=true, Min=(X=-573.777 Y=-6640.000 Z=788.073), Max=(X=-150.000 Y=-6216.223 Z=1208.187) RuntimeGrid:None EditorOnly:0 RuntimeOnly:0 HLODRelevant:1 ListedInSceneOutliner:1 IsMainWorldOnly:0
 |   |   |- Guid:DB3EA1154A3FD602CBB711A6D1959812 BaseClass: NativeClass:/Script/Engine.SkyAtmosphere Name:SkyAtmosphere_UAID_02500ED62E82623A02_2092979999 Label:SkyAtmosphere SpatiallyLoaded:0 Bounds:IsValid=true, Min=(X=4190.000 Y=-1360.000 Z=1510.000), Max=(X=4190.000 Y=-1360.000 Z=1510.000) RuntimeGrid:None EditorOnly:0 RuntimeOnly:0 HLODRelevant:0 ListedInSceneOutliner:1 IsMainWorldOnly:0
 |   |   |- Guid:DBBF176546225F02039B2F9499E40F32 BaseClass: NativeClass:/Script/Engine.ExponentialHeightFog Name:ExponentialHeightFog_UAID_02500ED62E82633A02_1078110177 Label:ExponentialHeightFog SpatiallyLoaded:0 Bounds:IsValid=true, Min=(X=2500.000 Y=330.000 Z=1800.000), Max=(X=2500.000 Y=330.000 Z=1800.000) RuntimeGrid:None EditorOnly:0 RuntimeOnly:0 HLODRelevant:0 ListedInSceneOutliner:1 IsMainWorldOnly:0
 |   |   |- Guid:E6311DB448BA705B9B7064913BFBD7B4 BaseClass:/Game/My3DPlatform/Core/Gate/BP_Gate.BP_Gate_C NativeClass:/Script/Engine.Actor Name:BP_Gate_C_UAID_02500ED62E82BF3A02_1132486360 Label:BP_Gate SpatiallyLoaded:1 Bounds:IsValid=true, Min=(X=-3382.120 Y=-17651.390 Z=1299.895), Max=(X=-3317.880 Y=-16848.610 Z=1701.866) RuntimeGrid:None EditorOnly:0 RuntimeOnly:0 HLODRelevant:0 ListedInSceneOutliner:1 IsMainWorldOnly:0
 |   |   |- Guid:E951095944DBF25405BE6C949F12937F BaseClass:/Game/My3DPlatform/Core/Submarine/Submarine.Submarine_C NativeClass:/Script/Engine.Actor Name:Submarine_C_UAID_02500ED62E82BD3A02_1178296007 Label:Submarine2 SpatiallyLoaded:1 Bounds:IsValid=true, Min=(X=-1538.232 Y=-12736.036 Z=1030.321), Max=(X=2075.675 Y=-8724.404 Z=1389.977) RuntimeGrid:None EditorOnly:0 RuntimeOnly:0 HLODRelevant:0 ListedInSceneOutliner:1 IsMainWorldOnly:0
 |   |   |- Guid:F0819F5B4545C895C0A6ECB2A7159CAE BaseClass: NativeClass:/Script/Engine.StaticMeshActor Name:StaticMeshActor_UAID_02500ED62E826A3A02_1458175420 Label:CubeGridToolOutput4 SpatiallyLoaded:1 Bounds:IsValid=true, Min=(X=-3400.000 Y=-18000.000 Z=1200.000), Max=(X=1400.000 Y=-12900.000 Z=1300.000) RuntimeGrid:None EditorOnly:0 RuntimeOnly:0 HLODRelevant:1 ListedInSceneOutliner:1 IsMainWorldOnly:0
 |   |   |- Guid:F95D64744E4B32A84804B8AAB7906AF4 BaseClass: NativeClass:/Script/Engine.StaticMeshActor Name:StaticMeshActor_UAID_02500ED62E82C03A02_1155955540 Label:SM_FloatingIsland_S3 SpatiallyLoaded:1 Bounds:IsValid=true, Min=(X=344.791 Y=-2212.915 Z=116.769), Max=(X=1130.592 Y=-1372.567 Z=499.943) RuntimeGrid:None EditorOnly:0 RuntimeOnly:0 HLODRelevant:1 ListedInSceneOutliner:1 IsMainWorldOnly:0
 |   |   |- Guid:FB213FC641AFBBDABCF441A03437A8C4 BaseClass: NativeClass:/Script/Engine.StaticMeshActor Name:StaticMeshActor_UAID_02500ED62E82C03A02_1833739549 Label:SM_Kit_Roof_Corner_In SpatiallyLoaded:1 Bounds:IsValid=true, Min=(X=-180.000 Y=-6680.000 Z=790.000), Max=(X=220.000 Y=-6280.000 Z=1208.186) RuntimeGrid:None EditorOnly:0 RuntimeOnly:0 HLODRelevant:1 ListedInSceneOutliner:1 IsMainWorldOnly:0
 |   |   |- Guid:FE7F95904DDCF635F5EB5C9EC94457E9 BaseClass: NativeClass:/Script/Engine.SkyLight Name:SkyLight_UAID_02500ED62E82623A02_1987105996 Label:SkyLight SpatiallyLoaded:0 Bounds:IsValid=true, Min=(X=2500.000 Y=330.000 Z=1900.000), Max=(X=2500.000 Y=330.000 Z=1900.000) RuntimeGrid:None EditorOnly:0 RuntimeOnly:0 HLODRelevant:0 ListedInSceneOutliner:1 IsMainWorldOnly:0
 |   |- [+] Clusters:
 |   |   |- [+] [  0]
 |   |   |   |- Guid:06C0CAAF47089679A1A151AABD4B460D BaseClass:/Game/My3DPlatform/Pickups/BP_Key.BP_Key_C NativeClass:/Script/Engine.Actor Name:BP_Key_C_UAID_02500ED62E826A3A02_1311926419 Label:BP_Key2 SpatiallyLoaded:1 Bounds:IsValid=true, Min=(X=-3495.000 Y=-12415.000 Z=2085.000), Max=(X=-3385.000 Y=-12305.000 Z=2195.000) RuntimeGrid:None EditorOnly:0 RuntimeOnly:0 HLODRelevant:0 ListedInSceneOutliner:1 IsMainWorldOnly:0
 |   |   |- [+] [  1]
 |   |   |   |- Guid:0C46AA9A434FB7ACA078E1B07C887AE6 BaseClass: NativeClass:/Script/Engine.StaticMeshActor Name:StaticMeshActor_UAID_02500ED62E82C03A02_2091739555 Label:SM_KitGround_Cobblestone2 SpatiallyLoaded:1 Bounds:IsValid=true, Min=(X=-357.895 Y=-8762.358 Z=1305.078), Max=(X=691.503 Y=-7663.912 Z=1319.357) RuntimeGrid:None EditorOnly:0 RuntimeOnly:0 HLODRelevant:1 ListedInSceneOutliner:1 IsMainWorldOnly:0
 |   |   |- [+] [  2]
 |   |   |   |- Guid:1D2833AB4E6CFEB38D6F84A2EFDCE249 BaseClass:/Game/My3DPlatform/Core/RespownSystem/BP_HeightRespownVolumne.BP_HeightRespownVolumne_C NativeClass:/Script/Engine.Actor Name:BP_HeightRespownVolumne_C_UAID_02500ED62E82683A02_1370304061 Label:BP_HeightRespownVolumne SpatiallyLoaded:1 Bounds:IsValid=true, Min=(X=-15150.000 Y=-28180.000 Z=-622.000), Max=(X=16850.000 Y=3820.000 Z=-558.000) RuntimeGrid:None EditorOnly:0 RuntimeOnly:0 HLODRelevant:0 ListedInSceneOutliner:1 IsMainWorldOnly:0
 |   |   |- [+] [  3]
 |   |   |   |- Guid:258067A4499ACA00BDF4DE8F2FC52B3A BaseClass: NativeClass:/Script/Engine.StaticMeshActor Name:StaticMeshActor_UAID_02500ED62E82693A02_1540866238 Label:CubeGridToolOutput2 SpatiallyLoaded:1 Bounds:IsValid=true, Min=(X=-3800.000 Y=-12700.000 Z=1200.000), Max=(X=5100.000 Y=-7800.000 Z=2400.000) RuntimeGrid:None EditorOnly:0 RuntimeOnly:0 HLODRelevant:1 ListedInSceneOutliner:1 IsMainWorldOnly:0
 |   |   |- [+] [  4]
 |   |   |   |- Guid:2AE0B78E44AA242A1DFC4A8495716C0F BaseClass: NativeClass:/Script/Engine.StaticMeshActor Name:StaticMeshActor_UAID_02500ED62E82C03A02_1968808553 Label:SM_KitCottage_Awning4 SpatiallyLoaded:1 Bounds:IsValid=true, Min=(X=-306.682 Y=-6753.683 Z=1162.686), Max=(X=-87.953 Y=-6664.987 Z=1232.043) RuntimeGrid:None EditorOnly:0 RuntimeOnly:0 HLODRelevant:1 ListedInSceneOutliner:1 IsMainWorldOnly:0
 |   |   |- [+] [  5]
 |   |   |   |- Guid:363AEA0344FBE745525B0A91220B57D8 BaseClass:/Game/My3DPlatform/Core/RespownSystem/BP_CheckPoint.BP_CheckPoint_C NativeClass:/Script/Engine.Actor Name:BP_CheckPoint_C_UAID_02500ED62E82693A02_1829235240 Label:BP_CheckPoint SpatiallyLoaded:1 Bounds:IsValid=true, Min=(X=78.001 Y=-8130.000 Z=1329.621), Max=(X=380.000 Y=-7970.000 Z=1530.000) RuntimeGrid:None EditorOnly:0 RuntimeOnly:0 HLODRelevant:0 ListedInSceneOutliner:1 IsMainWorldOnly:0
 |   |   |- [+] [  6]
 |   |   |   |- Guid:3E1613D74D8B00058EB547AF4AE39FD4 BaseClass: NativeClass:/Script/Engine.StaticMeshActor Name:StaticMeshActor_UAID_02500ED62E82C03A02_2051529554 Label:SM_KitGround_Cobblestone SpatiallyLoaded:1 Bounds:IsValid=true, Min=(X=-357.895 Y=-7802.358 Z=1305.078), Max=(X=691.503 Y=-6703.912 Z=1319.357) RuntimeGrid:None EditorOnly:0 RuntimeOnly:0 HLODRelevant:1 ListedInSceneOutliner:1 IsMainWorldOnly:0
 |   |   |- [+] [  7]
 |   |   |   |- Guid:3EA8392D4B1DC536B50AE7BE3DCB63D9 BaseClass:/Game/My3DPlatform/Pickups/BP_Key.BP_Key_C NativeClass:/Script/Engine.Actor Name:BP_Key_C_UAID_02500ED62E826A3A02_1196662418 Label:BP_Key SpatiallyLoaded:1 Bounds:IsValid=true, Min=(X=4795.000 Y=-8595.000 Z=2485.000), Max=(X=4905.000 Y=-8485.000 Z=2595.000) RuntimeGrid:None EditorOnly:0 RuntimeOnly:0 HLODRelevant:0 ListedInSceneOutliner:1 IsMainWorldOnly:0
 |   |   |- [+] [  8]
 |   |   |   |- Guid:52182859432087CE335B18BA572531EA BaseClass: NativeClass:/Script/Engine.StaticMeshActor Name:StaticMeshActor_UAID_02500ED62E82C03A02_1286898542 Label:MA_setDressing_c SpatiallyLoaded:1 Bounds:IsValid=true, Min=(X=-61.032 Y=-2605.230 Z=378.665), Max=(X=281.255 Y=-2262.672 Z=721.481) RuntimeGrid:None EditorOnly:0 RuntimeOnly:0 HLODRelevant:1 ListedInSceneOutliner:1 IsMainWorldOnly:0
 |   |   |- [+] [  9]
 |   |   |   |- Guid:574D5179413B93CAEEACE08F726B9614 BaseClass: NativeClass:/Script/Engine.StaticMeshActor Name:StaticMeshActor_UAID_02500ED62E82793A02_1551333063 Label:StaticMeshActor SpatiallyLoaded:1 Bounds:IsValid=true, Min=(X=1300.000 Y=-12450.000 Z=2140.000), Max=(X=1300.000 Y=-12450.000 Z=2140.000) RuntimeGrid:None EditorOnly:0 RuntimeOnly:0 HLODRelevant:0 ListedInSceneOutliner:1 IsMainWorldOnly:0
 |   |   |- [+] [ 10]
 |   |   |   |- Guid:5C6D774E4051552A132C58B55BCC0753 BaseClass: NativeClass:/Script/Engine.StaticMeshActor Name:StaticMeshActor_UAID_02500ED62E82BF3A02_2105224362 Label:SM_FloatingIsland_S SpatiallyLoaded:1 Bounds:IsValid=true, Min=(X=1070.932 Y=-1326.324 Z=-362.037), Max=(X=1978.541 Y=-675.450 Z=255.025) RuntimeGrid:None EditorOnly:0 RuntimeOnly:0 HLODRelevant:1 ListedInSceneOutliner:1 IsMainWorldOnly:0
 |   |   |- [+] [ 11]
 |   |   |   |- Guid:5E79B5A543FA5B914C4374916BB21468 BaseClass: NativeClass:/Script/Engine.StaticMeshActor Name:StaticMeshActor_UAID_02500ED62E82C03A02_1469830543 Label:MA_setDressing_c2 SpatiallyLoaded:1 Bounds:IsValid=true, Min=(X=-103.790 Y=-3346.537 Z=455.832), Max=(X=324.069 Y=-2918.341 Z=884.351) RuntimeGrid:None EditorOnly:0 RuntimeOnly:0 HLODRelevant:1 ListedInSceneOutliner:1 IsMainWorldOnly:0
 |   |   |- [+] [ 12]
 |   |   |   |- Guid:6DA727B841F81CC3E11638A3A5C1C3DC BaseClass: NativeClass:/Script/Engine.StaticMeshActor Name:StaticMeshActor_UAID_02500ED62E82BF3A02_1985831361 Label:SM_FloatingIsland_M SpatiallyLoaded:1 Bounds:IsValid=true, Min=(X=2159.345 Y=-2153.025 Z=-1935.645), Max=(X=4504.277 Y=88.841 Z=-0.140) RuntimeGrid:None EditorOnly:0 RuntimeOnly:0 HLODRelevant:1 ListedInSceneOutliner:1 IsMainWorldOnly:0
 |   |   |- [+] [ 13]
 |   |   |   |- Guid:6DCFA6FE4DA89AD63BBBC6A983CCB961 BaseClass:/Game/My3DPlatform/Core/Submarine/Submarine.Submarine_C NativeClass:/Script/Engine.Actor Name:Submarine_C_UAID_02500ED62E826A3A02_2041886421 Label:Submarine SpatiallyLoaded:1 Bounds:IsValid=true, Min=(X=-1248.644 Y=-12892.074 Z=1050.321), Max=(X=1438.315 Y=-8757.209 Z=1409.977) RuntimeGrid:None EditorOnly:0 RuntimeOnly:0 HLODRelevant:0 ListedInSceneOutliner:1 IsMainWorldOnly:0
 |   |   |- [+] [ 14]
 |   |   |   |- Guid:7250ACB5487670C1D87A5DBFE4AB52FE BaseClass: NativeClass:/Script/Engine.StaticMeshActor Name:StaticMeshActor_UAID_02500ED62E82623A02_1847545994 Label:CubeGridToolOutput SpatiallyLoaded:1 Bounds:IsValid=true, Min=(X=-1100.000 Y=-8900.000 Z=-100.000), Max=(X=4000.000 Y=-200.000 Z=1600.000) RuntimeGrid:None EditorOnly:0 RuntimeOnly:0 HLODRelevant:1 ListedInSceneOutliner:1 IsMainWorldOnly:0
 |   |   |- [+] [ 15]
 |   |   |   |- Guid:7FF4EB8744F5F05036AC609A3BC9CB51 BaseClass: NativeClass:/Script/Engine.PlayerStart Name:PlayerStart_UAID_02500ED62E82713A02_1093689654 Label:PlayerStart SpatiallyLoaded:0 Bounds:IsValid=true, Min=(X=-320.000 Y=-8250.000 Z=1300.000), Max=(X=-240.000 Y=-8170.000 Z=1484.000) RuntimeGrid:None EditorOnly:0 RuntimeOnly:0 HLODRelevant:0 ListedInSceneOutliner:1 IsMainWorldOnly:0
 |   |   |- [+] [ 16]
 |   |   |   |- Guid:81390D4746D85CD0754807AC929F8EE4 BaseClass: NativeClass:/Script/Engine.StaticMeshActor Name:StaticMeshActor_UAID_02500ED62E82C03A02_1769979548 Label:SM_Kit_Roof_Corner_Out2 SpatiallyLoaded:1 Bounds:IsValid=true, Min=(X=220.000 Y=-6680.000 Z=788.073), Max=(X=643.777 Y=-6256.223 Z=1208.187) RuntimeGrid:None EditorOnly:0 RuntimeOnly:0 HLODRelevant:1 ListedInSceneOutliner:1 IsMainWorldOnly:0
 |   |   |- [+] [ 17]
 |   |   |   |- Guid:91BCC7C74F6099AF13E1B1898FB2B722 BaseClass: NativeClass:/Script/Engine.StaticMeshActor Name:StaticMeshActor_UAID_02500ED62E82C03A02_1923071550 Label:SM_KitCottage_Awning SpatiallyLoaded:1 Bounds:IsValid=true, Min=(X=103.318 Y=-6753.683 Z=1162.686), Max=(X=322.047 Y=-6664.987 Z=1232.043) RuntimeGrid:None EditorOnly:0 RuntimeOnly:0 HLODRelevant:1 ListedInSceneOutliner:1 IsMainWorldOnly:0
 |   |   |- [+] [ 18]
 |   |   |   |- Guid:9352633E41590EBD885C0CB6D597A500 BaseClass: NativeClass:/Script/Engine.StaticMeshActor Name:StaticMeshActor_UAID_02500ED62E82C03A02_1522011544 Label:MA_setDressing_c3 SpatiallyLoaded:1 Bounds:IsValid=true, Min=(X=-103.790 Y=-3716.537 Z=455.832), Max=(X=324.069 Y=-3288.341 Z=884.351) RuntimeGrid:None EditorOnly:0 RuntimeOnly:0 HLODRelevant:1 ListedInSceneOutliner:1 IsMainWorldOnly:0
 |   |   |- [+] [ 19]
 |   |   |   |- Guid:97D4C1CD4426E50AC4F08EBE467363B7 BaseClass: NativeClass:/Script/Engine.StaticMeshActor Name:StaticMeshActor_UAID_02500ED62E82C03A02_1217073541 Label:SM_FloatingIsland_S4 SpatiallyLoaded:1 Bounds:IsValid=true, Min=(X=-420.592 Y=-2247.433 Z=116.769), Max=(X=365.209 Y=-1407.085 Z=499.943) RuntimeGrid:None EditorOnly:0 RuntimeOnly:0 HLODRelevant:1 ListedInSceneOutliner:1 IsMainWorldOnly:0
 |   |   |- [+] [ 20]
 |   |   |   |- Guid:9855DBA54E200CBD971A398BAA7364B8 BaseClass: NativeClass:/Script/Engine.StaticMeshActor Name:StaticMeshActor_UAID_02500ED62E82C03A02_1957786551 Label:SM_KitCottage_Awning2 SpatiallyLoaded:1 Bounds:IsValid=true, Min=(X=263.318 Y=-6753.683 Z=1162.686), Max=(X=482.047 Y=-6664.987 Z=1232.043) RuntimeGrid:None EditorOnly:0 RuntimeOnly:0 HLODRelevant:1 ListedInSceneOutliner:1 IsMainWorldOnly:0
 |   |   |- [+] [ 21]
 |   |   |   |- Guid:9C7795A4497E21C538CB768D5AC7939D BaseClass: NativeClass:/Script/Engine.StaticMeshActor Name:StaticMeshActor_UAID_02500ED62E82693A02_1813769239 Label:CubeGridToolOutput3 SpatiallyLoaded:1 Bounds:IsValid=true, Min=(X=2900.000 Y=-10200.000 Z=1200.000), Max=(X=4400.000 Y=-8300.000 Z=2400.000) RuntimeGrid:None EditorOnly:0 RuntimeOnly:0 HLODRelevant:1 ListedInSceneOutliner:1 IsMainWorldOnly:0
 |   |   |- [+] [ 22]
 |   |   |   |- Guid:9FD8441A44BC873396B1C8BE763052A8 BaseClass: NativeClass:/Script/Engine.WorldDataLayers Name:WorldDataLayers Label:WorldDataLayers SpatiallyLoaded:0 Bounds:Invalid RuntimeGrid:None EditorOnly:0 RuntimeOnly:0 HLODRelevant:0 ListedInSceneOutliner:1 IsMainWorldOnly:1
 |   |   |- [+] [ 23]
 |   |   |   |- Guid:A1ACFDE54CA57DE975209DB49437A200 BaseClass: NativeClass:/Script/Engine.StaticMeshActor Name:StaticMeshActor_UAID_02500ED62E82C03A02_2105764556 Label:SM_KitGround_Cobblestone3 SpatiallyLoaded:1 Bounds:IsValid=true, Min=(X=372.105 Y=-8762.358 Z=1305.078), Max=(X=1421.503 Y=-7663.912 Z=1319.357) RuntimeGrid:None EditorOnly:0 RuntimeOnly:0 HLODRelevant:1 ListedInSceneOutliner:1 IsMainWorldOnly:0
 |   |   |- [+] [ 24]
 |   |   |   |- Guid:A503987548686E88FC222089D7B3419B BaseClass: NativeClass:/Script/Engine.StaticMeshActor Name:StaticMeshActor_UAID_02500ED62E82C03A02_1118737539 Label:SM_FloatingIsland_S2 SpatiallyLoaded:1 Bounds:IsValid=true, Min=(X=1044.037 Y=-2055.059 Z=-83.231), Max=(X=1713.761 Y=-1534.360 Z=299.943) RuntimeGrid:None EditorOnly:0 RuntimeOnly:0 HLODRelevant:1 ListedInSceneOutliner:1 IsMainWorldOnly:0
 |   |   |- [+] [ 25]
 |   |   |   |- Guid:B2D501B647558C23822207A7D25476E3 BaseClass: NativeClass:/Script/Engine.StaticMeshActor Name:StaticMeshActor_UAID_02500ED62E82C03A02_1615083546 Label:SM_FloatingIsland_L_Grass SpatiallyLoaded:1 Bounds:IsValid=true, Min=(X=-1485.275 Y=-6506.185 Z=614.737), Max=(X=1483.540 Y=-4233.278 Z=799.865) RuntimeGrid:None EditorOnly:0 RuntimeOnly:0 HLODRelevant:1 ListedInSceneOutliner:1 IsMainWorldOnly:0
 |   |   |- [+] [ 26]
 |   |   |   |- Guid:B60860744F32EEAD63C6948322B825D3 BaseClass: NativeClass:/Script/Engine.StaticMeshActor Name:StaticMeshActor_UAID_02500ED62E82C03A02_1965377552 Label:SM_KitCottage_Awning3 SpatiallyLoaded:1 Bounds:IsValid=true, Min=(X=-106.682 Y=-6753.683 Z=1162.686), Max=(X=112.047 Y=-6664.987 Z=1232.043) RuntimeGrid:None EditorOnly:0 RuntimeOnly:0 HLODRelevant:1 ListedInSceneOutliner:1 IsMainWorldOnly:0
 |   |   |- [+] [ 27]
 |   |   |   |- Guid:B68D36D2406CFF211BCB5EA593837A22 BaseClass: NativeClass:/Script/Engine.DirectionalLight Name:DirectionalLight_UAID_02500ED62E82623A02_1870910995 Label:DirectionalLight SpatiallyLoaded:0 Bounds:Invalid RuntimeGrid:None EditorOnly:0 RuntimeOnly:0 HLODRelevant:0 ListedInSceneOutliner:1 IsMainWorldOnly:0
 |   |   |- [+] [ 28]
 |   |   |   |- Guid:B8BE28FE490E76B7605B9C97DB035CCA BaseClass: NativeClass:/Script/Engine.StaticMeshActor Name:StaticMeshActor_UAID_02500ED62E82C03A02_2118621557 Label:SM_KitGround_Cobblestone4 SpatiallyLoaded:1 Bounds:IsValid=true, Min=(X=-1107.895 Y=-8762.358 Z=1305.078), Max=(X=-58.497 Y=-7663.912 Z=1319.357) RuntimeGrid:None EditorOnly:0 RuntimeOnly:0 HLODRelevant:1 ListedInSceneOutliner:1 IsMainWorldOnly:0
 |   |   |- [+] [ 29]
 |   |   |   |- Guid:C319AEC847B61AA0EBCFA6B330851694 BaseClass:/Game/My3DPlatform/Core/RespownSystem/BP_CheckPoint.BP_CheckPoint_C NativeClass:/Script/Engine.Actor Name:BP_CheckPoint_C_UAID_02500ED62E82693A02_2091814241 Label:BP_CheckPoint2 SpatiallyLoaded:1 Bounds:IsValid=true, Min=(X=3428.001 Y=-8420.000 Z=1299.621), Max=(X=3730.000 Y=-8260.000 Z=1500.000) RuntimeGrid:None EditorOnly:0 RuntimeOnly:0 HLODRelevant:0 ListedInSceneOutliner:1 IsMainWorldOnly:0
 |   |   |- [+] [ 30]
 |   |   |   |- Guid:C90CD5B14D90F436529509876BD69489 BaseClass: NativeClass:/Script/Engine.StaticMeshActor Name:StaticMeshActor_UAID_02500ED62E82C03A02_1558549545 Label:MA_setDressing_c4 SpatiallyLoaded:1 Bounds:IsValid=true, Min=(X=-103.790 Y=-4116.537 Z=455.832), Max=(X=324.069 Y=-3688.341 Z=884.351) RuntimeGrid:None EditorOnly:0 RuntimeOnly:0 HLODRelevant:1 ListedInSceneOutliner:1 IsMainWorldOnly:0
 |   |   |- [+] [ 31]
 |   |   |   |- Guid:D91667F3473269DAB8A9268DD1EFF4FD BaseClass: NativeClass:/Script/Engine.StaticMeshActor Name:StaticMeshActor_UAID_02500ED62E82C03A02_1719610547 Label:SM_Kit_Roof_Corner_Out SpatiallyLoaded:1 Bounds:IsValid=true, Min=(X=-573.777 Y=-6640.000 Z=788.073), Max=(X=-150.000 Y=-6216.223 Z=1208.187) RuntimeGrid:None EditorOnly:0 RuntimeOnly:0 HLODRelevant:1 ListedInSceneOutliner:1 IsMainWorldOnly:0
 |   |   |- [+] [ 32]
 |   |   |   |- Guid:DB3EA1154A3FD602CBB711A6D1959812 BaseClass: NativeClass:/Script/Engine.SkyAtmosphere Name:SkyAtmosphere_UAID_02500ED62E82623A02_2092979999 Label:SkyAtmosphere SpatiallyLoaded:0 Bounds:IsValid=true, Min=(X=4190.000 Y=-1360.000 Z=1510.000), Max=(X=4190.000 Y=-1360.000 Z=1510.000) RuntimeGrid:None EditorOnly:0 RuntimeOnly:0 HLODRelevant:0 ListedInSceneOutliner:1 IsMainWorldOnly:0
 |   |   |- [+] [ 33]
 |   |   |   |- Guid:DBBF176546225F02039B2F9499E40F32 BaseClass: NativeClass:/Script/Engine.ExponentialHeightFog Name:ExponentialHeightFog_UAID_02500ED62E82633A02_1078110177 Label:ExponentialHeightFog SpatiallyLoaded:0 Bounds:IsValid=true, Min=(X=2500.000 Y=330.000 Z=1800.000), Max=(X=2500.000 Y=330.000 Z=1800.000) RuntimeGrid:None EditorOnly:0 RuntimeOnly:0 HLODRelevant:0 ListedInSceneOutliner:1 IsMainWorldOnly:0
 |   |   |- [+] [ 34]
 |   |   |   |- Guid:E6311DB448BA705B9B7064913BFBD7B4 BaseClass:/Game/My3DPlatform/Core/Gate/BP_Gate.BP_Gate_C NativeClass:/Script/Engine.Actor Name:BP_Gate_C_UAID_02500ED62E82BF3A02_1132486360 Label:BP_Gate SpatiallyLoaded:1 Bounds:IsValid=true, Min=(X=-3382.120 Y=-17651.390 Z=1299.895), Max=(X=-3317.880 Y=-16848.610 Z=1701.866) RuntimeGrid:None EditorOnly:0 RuntimeOnly:0 HLODRelevant:0 ListedInSceneOutliner:1 IsMainWorldOnly:0
 |   |   |- [+] [ 35]
 |   |   |   |- Guid:E951095944DBF25405BE6C949F12937F BaseClass:/Game/My3DPlatform/Core/Submarine/Submarine.Submarine_C NativeClass:/Script/Engine.Actor Name:Submarine_C_UAID_02500ED62E82BD3A02_1178296007 Label:Submarine2 SpatiallyLoaded:1 Bounds:IsValid=true, Min=(X=-1538.232 Y=-12736.036 Z=1030.321), Max=(X=2075.675 Y=-8724.404 Z=1389.977) RuntimeGrid:None EditorOnly:0 RuntimeOnly:0 HLODRelevant:0 ListedInSceneOutliner:1 IsMainWorldOnly:0
 |   |   |- [+] [ 36]
 |   |   |   |- Guid:F0819F5B4545C895C0A6ECB2A7159CAE BaseClass: NativeClass:/Script/Engine.StaticMeshActor Name:StaticMeshActor_UAID_02500ED62E826A3A02_1458175420 Label:CubeGridToolOutput4 SpatiallyLoaded:1 Bounds:IsValid=true, Min=(X=-3400.000 Y=-18000.000 Z=1200.000), Max=(X=1400.000 Y=-12900.000 Z=1300.000) RuntimeGrid:None EditorOnly:0 RuntimeOnly:0 HLODRelevant:1 ListedInSceneOutliner:1 IsMainWorldOnly:0
 |   |   |- [+] [ 37]
 |   |   |   |- Guid:F95D64744E4B32A84804B8AAB7906AF4 BaseClass: NativeClass:/Script/Engine.StaticMeshActor Name:StaticMeshActor_UAID_02500ED62E82C03A02_1155955540 Label:SM_FloatingIsland_S3 SpatiallyLoaded:1 Bounds:IsValid=true, Min=(X=344.791 Y=-2212.915 Z=116.769), Max=(X=1130.592 Y=-1372.567 Z=499.943) RuntimeGrid:None EditorOnly:0 RuntimeOnly:0 HLODRelevant:1 ListedInSceneOutliner:1 IsMainWorldOnly:0
 |   |   |- [+] [ 38]
 |   |   |   |- Guid:FB213FC641AFBBDABCF441A03437A8C4 BaseClass: NativeClass:/Script/Engine.StaticMeshActor Name:StaticMeshActor_UAID_02500ED62E82C03A02_1833739549 Label:SM_Kit_Roof_Corner_In SpatiallyLoaded:1 Bounds:IsValid=true, Min=(X=-180.000 Y=-6680.000 Z=790.000), Max=(X=220.000 Y=-6280.000 Z=1208.186) RuntimeGrid:None EditorOnly:0 RuntimeOnly:0 HLODRelevant:1 ListedInSceneOutliner:1 IsMainWorldOnly:0
 |   |   |- [+] [ 39]
 |   |   |   |- Guid:FE7F95904DDCF635F5EB5C9EC94457E9 BaseClass: NativeClass:/Script/Engine.SkyLight Name:SkyLight_UAID_02500ED62E82623A02_1987105996 Label:SkyLight SpatiallyLoaded:0 Bounds:IsValid=true, Min=(X=2500.000 Y=330.000 Z=1900.000), Max=(X=2500.000 Y=330.000 Z=1900.000) RuntimeGrid:None EditorOnly:0 RuntimeOnly:0 HLODRelevant:0 ListedInSceneOutliner:1 IsMainWorldOnly:0
 |- ContainerInstances:
 |- [+] MainContainer:
 |   |-        ID: 00000000000000000000000000000000
 |   |-  ParentID: 00000000000000000000000000000000
 |   |-    Bounds: IsValid=true, Min=(X=-15150.000 Y=-28180.000 Z=-1935.645), Max=(X=16850.000 Y=3820.000 Z=2595.000)
 |   |- Transform: 0.000000,0.000000,0.000000|0.000000,0.000000,-0.000000|1.000000,1.000000,1.000000
 |   |- Container: /Game/MyMaps/Level_01
----------------------------------------------------------------------------------------------------------------
Level_01 - Persistent Level
----------------------------------------------------------------------------------------------------------------
[+] Content of Level_01 Persistent Level
 |- Always loaded Actor Count: 6 
 |- Actor Path: /Game/MyMaps/Level_01.Level_01:PersistentLevel.DirectionalLight_UAID_02500ED62E82623A02_1870910995
 |- Actor Package: /Game/__ExternalActors__/MyMaps/Level_01/3/YX/A5EBM8EN7F93I95P4VZ1HP
 |- Actor Path: /Game/MyMaps/Level_01.Level_01:PersistentLevel.ExponentialHeightFog_UAID_02500ED62E82633A02_1078110177
 |- Actor Package: /Game/__ExternalActors__/MyMaps/Level_01/8/LV/MQYYW853DZ4HBRRYM7MWQI
 |- Actor Path: /Game/MyMaps/Level_01.Level_01:PersistentLevel.PlayerStart_UAID_02500ED62E82713A02_1093689654
 |- Actor Package: /Game/__ExternalActors__/MyMaps/Level_01/3/IZ/YJ3IGDR0RW0Q01UHTVWUCZ
 |- Actor Path: /Game/MyMaps/Level_01.Level_01:PersistentLevel.SkyAtmosphere_UAID_02500ED62E82623A02_2092979999
 |- Actor Package: /Game/__ExternalActors__/MyMaps/Level_01/5/1E/JGYZ4E8H5I9HNYT4WANB26
 |- Actor Path: /Game/MyMaps/Level_01.Level_01:PersistentLevel.SkyLight_UAID_02500ED62E82623A02_1987105996
 |- Actor Package: /Game/__ExternalActors__/MyMaps/Level_01/7/0O/ZHSTB67GYRKHR4LZFEYYQY
 |- Actor Path: /Game/MyMaps/Level_01.Level_01:PersistentLevel.WorldDataLayers
 |- Actor Package: /Game/__ExternalActors__/MyMaps/Level_01/A/V8/HOE8MD2YPY4E4U8UYP096V

----------------------------------------------------------------------------------------------------------------
Level_01 - Runtime Hash Set
----------------------------------------------------------------------------------------------------------------
[+] Content of Cell Level_01_MainPartition_0_-1_0_0 (1E87B9ZMOVL81BYBF88MVV1AS)
 |- Actor Count: 23
 |- [+] /Game/MyMaps/Level_01.Level_01:PersistentLevel.StaticMeshActor_UAID_02500ED62E82C03A02_2091739555
 |   |-         Package: /Game/__ExternalActors__/MyMaps/Level_01/2/H0/FLXO3I4QEGKJ5DGHD2MYW7
 |   |-     Editor Only: 0
 |   |-   Instance Guid: 0C46AA9A434FB7ACA078E1B07C887AE6
 |   |- [+] Container:
 |   |   |-        ID: 00000000000000000000000000000000
 |   |   |- Transform: 0.000000,0.000000,0.000000|0.000000,0.000000,-0.000000|1.000000,1.000000,1.000000
 |- [+] /Game/MyMaps/Level_01.Level_01:PersistentLevel.StaticMeshActor_UAID_02500ED62E82693A02_1540866238
 |   |-         Package: /Game/__ExternalActors__/MyMaps/Level_01/0/D8/SARBYBP1NHSAAKTMGPA55O
 |   |-     Editor Only: 0
 |   |-   Instance Guid: 258067A4499ACA00BDF4DE8F2FC52B3A
 |   |- [+] Container:
 |   |   |-        ID: 00000000000000000000000000000000
 |   |   |- Transform: 0.000000,0.000000,0.000000|0.000000,0.000000,-0.000000|1.000000,1.000000,1.000000
 |- [+] /Game/MyMaps/Level_01.Level_01:PersistentLevel.BP_CheckPoint_C_UAID_02500ED62E82693A02_1829235240
 |   |-         Package: /Game/__ExternalActors__/MyMaps/Level_01/9/4C/5M2M7JCK40MV8SMBILVG5W
 |   |-     Editor Only: 0
 |   |-   Instance Guid: 363AEA0344FBE745525B0A91220B57D8
 |   |- [+] Container:
 |   |   |-        ID: 00000000000000000000000000000000
 |   |   |- Transform: 0.000000,0.000000,0.000000|0.000000,0.000000,-0.000000|1.000000,1.000000,1.000000
 |- [+] /Game/MyMaps/Level_01.Level_01:PersistentLevel.StaticMeshActor_UAID_02500ED62E82C03A02_2051529554
 |   |-         Package: /Game/__ExternalActors__/MyMaps/Level_01/2/4L/F2FKHJ9C5SXWWKKLRTP61E
 |   |-     Editor Only: 0
 |   |-   Instance Guid: 3E1613D74D8B00058EB547AF4AE39FD4
 |   |- [+] Container:
 |   |   |-        ID: 00000000000000000000000000000000
 |   |   |- Transform: 0.000000,0.000000,0.000000|0.000000,0.000000,-0.000000|1.000000,1.000000,1.000000
 |- [+] /Game/MyMaps/Level_01.Level_01:PersistentLevel.BP_Key_C_UAID_02500ED62E826A3A02_1196662418
 |   |-         Package: /Game/__ExternalActors__/MyMaps/Level_01/C/I6/O6OWPOWJSTRZK1EK5QAX7V
 |   |-     Editor Only: 0
 |   |-   Instance Guid: 3EA8392D4B1DC536B50AE7BE3DCB63D9
 |   |- [+] Container:
 |   |   |-        ID: 00000000000000000000000000000000
 |   |   |- Transform: 0.000000,0.000000,0.000000|0.000000,0.000000,-0.000000|1.000000,1.000000,1.000000
 |- [+] /Game/MyMaps/Level_01.Level_01:PersistentLevel.StaticMeshActor_UAID_02500ED62E82C03A02_1286898542
 |   |-         Package: /Game/__ExternalActors__/MyMaps/Level_01/A/FQ/3XUZIVZQUMO5P0A3T9345F
 |   |-     Editor Only: 0
 |   |-   Instance Guid: 52182859432087CE335B18BA572531EA
 |   |- [+] Container:
 |   |   |-        ID: 00000000000000000000000000000000
 |   |   |- Transform: 0.000000,0.000000,0.000000|0.000000,0.000000,-0.000000|1.000000,1.000000,1.000000
 |- [+] /Game/MyMaps/Level_01.Level_01:PersistentLevel.StaticMeshActor_UAID_02500ED62E82793A02_1551333063
 |   |-         Package: /Game/__ExternalActors__/MyMaps/Level_01/7/LK/2QO2KGZQHQMPOQ9E1LVWB7
 |   |-     Editor Only: 0
 |   |-   Instance Guid: 574D5179413B93CAEEACE08F726B9614
 |   |- [+] Container:
 |   |   |-        ID: 00000000000000000000000000000000
 |   |   |- Transform: 0.000000,0.000000,0.000000|0.000000,0.000000,-0.000000|1.000000,1.000000,1.000000
 |- [+] /Game/MyMaps/Level_01.Level_01:PersistentLevel.StaticMeshActor_UAID_02500ED62E82C03A02_1469830543
 |   |-         Package: /Game/__ExternalActors__/MyMaps/Level_01/1/RW/S2E7RSL1GRQ1YOOX5BJTP5
 |   |-     Editor Only: 0
 |   |-   Instance Guid: 5E79B5A543FA5B914C4374916BB21468
 |   |- [+] Container:
 |   |   |-        ID: 00000000000000000000000000000000
 |   |   |- Transform: 0.000000,0.000000,0.000000|0.000000,0.000000,-0.000000|1.000000,1.000000,1.000000
 |- [+] /Game/MyMaps/Level_01.Level_01:PersistentLevel.Submarine_C_UAID_02500ED62E826A3A02_2041886421
 |   |-         Package: /Game/__ExternalActors__/MyMaps/Level_01/D/6W/TE9CL51NMN8E9ZLZKC9CRS
 |   |-     Editor Only: 0
 |   |-   Instance Guid: 6DCFA6FE4DA89AD63BBBC6A983CCB961
 |   |- [+] Container:
 |   |   |-        ID: 00000000000000000000000000000000
 |   |   |- Transform: 0.000000,0.000000,0.000000|0.000000,0.000000,-0.000000|1.000000,1.000000,1.000000
 |- [+] /Game/MyMaps/Level_01.Level_01:PersistentLevel.StaticMeshActor_UAID_02500ED62E82623A02_1847545994
 |   |-         Package: /Game/__ExternalActors__/MyMaps/Level_01/6/PE/Z3JBDIBNNCPMO7LI59RQPA
 |   |-     Editor Only: 0
 |   |-   Instance Guid: 7250ACB5487670C1D87A5DBFE4AB52FE
 |   |- [+] Container:
 |   |   |-        ID: 00000000000000000000000000000000
 |   |   |- Transform: 0.000000,0.000000,0.000000|0.000000,0.000000,-0.000000|1.000000,1.000000,1.000000
 |- [+] /Game/MyMaps/Level_01.Level_01:PersistentLevel.StaticMeshActor_UAID_02500ED62E82C03A02_1769979548
 |   |-         Package: /Game/__ExternalActors__/MyMaps/Level_01/0/SP/M28HJR6Z9S08JIBN6TKXSS
 |   |-     Editor Only: 0
 |   |-   Instance Guid: 81390D4746D85CD0754807AC929F8EE4
 |   |- [+] Container:
 |   |   |-        ID: 00000000000000000000000000000000
 |   |   |- Transform: 0.000000,0.000000,0.000000|0.000000,0.000000,-0.000000|1.000000,1.000000,1.000000
 |- [+] /Game/MyMaps/Level_01.Level_01:PersistentLevel.StaticMeshActor_UAID_02500ED62E82C03A02_1923071550
 |   |-         Package: /Game/__ExternalActors__/MyMaps/Level_01/0/34/C0FHC60EG5UD1D8FX56ITS
 |   |-     Editor Only: 0
 |   |-   Instance Guid: 91BCC7C74F6099AF13E1B1898FB2B722
 |   |- [+] Container:
 |   |   |-        ID: 00000000000000000000000000000000
 |   |   |- Transform: 0.000000,0.000000,0.000000|0.000000,0.000000,-0.000000|1.000000,1.000000,1.000000
 |- [+] /Game/MyMaps/Level_01.Level_01:PersistentLevel.StaticMeshActor_UAID_02500ED62E82C03A02_1522011544
 |   |-         Package: /Game/__ExternalActors__/MyMaps/Level_01/C/58/FGSBUQCPJR2FKKRPAIFC0S
 |   |-     Editor Only: 0
 |   |-   Instance Guid: 9352633E41590EBD885C0CB6D597A500
 |   |- [+] Container:
 |   |   |-        ID: 00000000000000000000000000000000
 |   |   |- Transform: 0.000000,0.000000,0.000000|0.000000,0.000000,-0.000000|1.000000,1.000000,1.000000
 |- [+] /Game/MyMaps/Level_01.Level_01:PersistentLevel.StaticMeshActor_UAID_02500ED62E82C03A02_1957786551
 |   |-         Package: /Game/__ExternalActors__/MyMaps/Level_01/6/ZU/M1NLS4R8PIWAO7J641C4RU
 |   |-     Editor Only: 0
 |   |-   Instance Guid: 9855DBA54E200CBD971A398BAA7364B8
 |   |- [+] Container:
 |   |   |-        ID: 00000000000000000000000000000000
 |   |   |- Transform: 0.000000,0.000000,0.000000|0.000000,0.000000,-0.000000|1.000000,1.000000,1.000000
 |- [+] /Game/MyMaps/Level_01.Level_01:PersistentLevel.StaticMeshActor_UAID_02500ED62E82693A02_1813769239
 |   |-         Package: /Game/__ExternalActors__/MyMaps/Level_01/6/8R/9JULUJCXN422T9UA62SIVQ
 |   |-     Editor Only: 0
 |   |-   Instance Guid: 9C7795A4497E21C538CB768D5AC7939D
 |   |- [+] Container:
 |   |   |-        ID: 00000000000000000000000000000000
 |   |   |- Transform: 0.000000,0.000000,0.000000|0.000000,0.000000,-0.000000|1.000000,1.000000,1.000000
 |- [+] /Game/MyMaps/Level_01.Level_01:PersistentLevel.StaticMeshActor_UAID_02500ED62E82C03A02_2105764556
 |   |-         Package: /Game/__ExternalActors__/MyMaps/Level_01/C/AN/L55T3B4L906NR6RO6HAD6O
 |   |-     Editor Only: 0
 |   |-   Instance Guid: A1ACFDE54CA57DE975209DB49437A200
 |   |- [+] Container:
 |   |   |-        ID: 00000000000000000000000000000000
 |   |   |- Transform: 0.000000,0.000000,0.000000|0.000000,0.000000,-0.000000|1.000000,1.000000,1.000000
 |- [+] /Game/MyMaps/Level_01.Level_01:PersistentLevel.StaticMeshActor_UAID_02500ED62E82C03A02_1118737539
 |   |-         Package: /Game/__ExternalActors__/MyMaps/Level_01/6/CA/ZQMUU8LUS0Y803C34UP4MV
 |   |-     Editor Only: 0
 |   |-   Instance Guid: A503987548686E88FC222089D7B3419B
 |   |- [+] Container:
 |   |   |-        ID: 00000000000000000000000000000000
 |   |   |- Transform: 0.000000,0.000000,0.000000|0.000000,0.000000,-0.000000|1.000000,1.000000,1.000000
 |- [+] /Game/MyMaps/Level_01.Level_01:PersistentLevel.StaticMeshActor_UAID_02500ED62E82C03A02_1965377552
 |   |-         Package: /Game/__ExternalActors__/MyMaps/Level_01/7/Z3/D28UCNNPA0XOZWSKMM3F6L
 |   |-     Editor Only: 0
 |   |-   Instance Guid: B60860744F32EEAD63C6948322B825D3
 |   |- [+] Container:
 |   |   |-        ID: 00000000000000000000000000000000
 |   |   |- Transform: 0.000000,0.000000,0.000000|0.000000,0.000000,-0.000000|1.000000,1.000000,1.000000
 |- [+] /Game/MyMaps/Level_01.Level_01:PersistentLevel.BP_CheckPoint_C_UAID_02500ED62E82693A02_2091814241
 |   |-         Package: /Game/__ExternalActors__/MyMaps/Level_01/6/BG/FB95K919KAJ786PUWSZD7R
 |   |-     Editor Only: 0
 |   |-   Instance Guid: C319AEC847B61AA0EBCFA6B330851694
 |   |- [+] Container:
 |   |   |-        ID: 00000000000000000000000000000000
 |   |   |- Transform: 0.000000,0.000000,0.000000|0.000000,0.000000,-0.000000|1.000000,1.000000,1.000000
 |- [+] /Game/MyMaps/Level_01.Level_01:PersistentLevel.StaticMeshActor_UAID_02500ED62E82C03A02_1558549545
 |   |-         Package: /Game/__ExternalActors__/MyMaps/Level_01/C/RC/GKQOHCIV06X46USMHQULEU
 |   |-     Editor Only: 0
 |   |-   Instance Guid: C90CD5B14D90F436529509876BD69489
 |   |- [+] Container:
 |   |   |-        ID: 00000000000000000000000000000000
 |   |   |- Transform: 0.000000,0.000000,0.000000|0.000000,0.000000,-0.000000|1.000000,1.000000,1.000000
 |- [+] /Game/MyMaps/Level_01.Level_01:PersistentLevel.Submarine_C_UAID_02500ED62E82BD3A02_1178296007
 |   |-         Package: /Game/__ExternalActors__/MyMaps/Level_01/D/WP/66HHEB6SWWABFQR27H3930
 |   |-     Editor Only: 0
 |   |-   Instance Guid: E951095944DBF25405BE6C949F12937F
 |   |- [+] Container:
 |   |   |-        ID: 00000000000000000000000000000000
 |   |   |- Transform: 0.000000,0.000000,0.000000|0.000000,0.000000,-0.000000|1.000000,1.000000,1.000000
 |- [+] /Game/MyMaps/Level_01.Level_01:PersistentLevel.StaticMeshActor_UAID_02500ED62E82C03A02_1155955540
 |   |-         Package: /Game/__ExternalActors__/MyMaps/Level_01/3/8B/TRR94WN93TYNB6B3DAFEI2
 |   |-     Editor Only: 0
 |   |-   Instance Guid: F95D64744E4B32A84804B8AAB7906AF4
 |   |- [+] Container:
 |   |   |-        ID: 00000000000000000000000000000000
 |   |   |- Transform: 0.000000,0.000000,0.000000|0.000000,0.000000,-0.000000|1.000000,1.000000,1.000000
 |- [+] /Game/MyMaps/Level_01.Level_01:PersistentLevel.StaticMeshActor_UAID_02500ED62E82C03A02_1833739549
 |   |-         Package: /Game/__ExternalActors__/MyMaps/Level_01/E/T6/53RPYMKC06E0GSYUG86S7C
 |   |-     Editor Only: 0
 |   |-   Instance Guid: FB213FC641AFBBDABCF441A03437A8C4
 |   |- [+] Container:
 |   |   |-        ID: 00000000000000000000000000000000
 |   |   |- Transform: 0.000000,0.000000,0.000000|0.000000,0.000000,-0.000000|1.000000,1.000000,1.000000
[+] Content of Cell Level_01_MainPartition_0_-1_-1_0 (7KHB3FE3FU7E4B2KUM039E4MN)
 |- Actor Count: 2
 |- [+] /Game/MyMaps/Level_01.Level_01:PersistentLevel.StaticMeshActor_UAID_02500ED62E82BF3A02_2105224362
 |   |-         Package: /Game/__ExternalActors__/MyMaps/Level_01/0/10/WR3JGWZJB8ZFPWQGDDYCXX
 |   |-     Editor Only: 0
 |   |-   Instance Guid: 5C6D774E4051552A132C58B55BCC0753
 |   |- [+] Container:
 |   |   |-        ID: 00000000000000000000000000000000
 |   |   |- Transform: 0.000000,0.000000,0.000000|0.000000,0.000000,-0.000000|1.000000,1.000000,1.000000
 |- [+] /Game/MyMaps/Level_01.Level_01:PersistentLevel.StaticMeshActor_UAID_02500ED62E82BF3A02_1985831361
 |   |-         Package: /Game/__ExternalActors__/MyMaps/Level_01/2/WB/9O8G3LS9WMJXRLYA3U7A5C
 |   |-     Editor Only: 0
 |   |-   Instance Guid: 6DA727B841F81CC3E11638A3A5C1C3DC
 |   |- [+] Container:
 |   |   |-        ID: 00000000000000000000000000000000
 |   |   |- Transform: 0.000000,0.000000,0.000000|0.000000,0.000000,-0.000000|1.000000,1.000000,1.000000
[+] Content of Cell Level_01_MainPartition_-1_-1_0_0 (B0C8TP7P9KB1UZ8TJZVCXTPV0)
 |- Actor Count: 6
 |- [+] /Game/MyMaps/Level_01.Level_01:PersistentLevel.BP_Key_C_UAID_02500ED62E826A3A02_1311926419
 |   |-         Package: /Game/__ExternalActors__/MyMaps/Level_01/3/8L/UE4X1Z6UVK5Z07BLKZXGPO
 |   |-     Editor Only: 0
 |   |-   Instance Guid: 06C0CAAF47089679A1A151AABD4B460D
 |   |- [+] Container:
 |   |   |-        ID: 00000000000000000000000000000000
 |   |   |- Transform: 0.000000,0.000000,0.000000|0.000000,0.000000,-0.000000|1.000000,1.000000,1.000000
 |- [+] /Game/MyMaps/Level_01.Level_01:PersistentLevel.StaticMeshActor_UAID_02500ED62E82C03A02_1968808553
 |   |-         Package: /Game/__ExternalActors__/MyMaps/Level_01/3/YY/BA3SBAVXRV8OLSMUZRHH04
 |   |-     Editor Only: 0
 |   |-   Instance Guid: 2AE0B78E44AA242A1DFC4A8495716C0F
 |   |- [+] Container:
 |   |   |-        ID: 00000000000000000000000000000000
 |   |   |- Transform: 0.000000,0.000000,0.000000|0.000000,0.000000,-0.000000|1.000000,1.000000,1.000000
 |- [+] /Game/MyMaps/Level_01.Level_01:PersistentLevel.StaticMeshActor_UAID_02500ED62E82C03A02_1217073541
 |   |-         Package: /Game/__ExternalActors__/MyMaps/Level_01/8/A2/QTRQ7Q4A6XCLD8FD5Y08WZ
 |   |-     Editor Only: 0
 |   |-   Instance Guid: 97D4C1CD4426E50AC4F08EBE467363B7
 |   |- [+] Container:
 |   |   |-        ID: 00000000000000000000000000000000
 |   |   |- Transform: 0.000000,0.000000,0.000000|0.000000,0.000000,-0.000000|1.000000,1.000000,1.000000
 |- [+] /Game/MyMaps/Level_01.Level_01:PersistentLevel.StaticMeshActor_UAID_02500ED62E82C03A02_1615083546
 |   |-         Package: /Game/__ExternalActors__/MyMaps/Level_01/4/XU/8T0T87QUHZU9IHSS1D1P0Q
 |   |-     Editor Only: 0
 |   |-   Instance Guid: B2D501B647558C23822207A7D25476E3
 |   |- [+] Container:
 |   |   |-        ID: 00000000000000000000000000000000
 |   |   |- Transform: 0.000000,0.000000,0.000000|0.000000,0.000000,-0.000000|1.000000,1.000000,1.000000
 |- [+] /Game/MyMaps/Level_01.Level_01:PersistentLevel.StaticMeshActor_UAID_02500ED62E82C03A02_2118621557
 |   |-         Package: /Game/__ExternalActors__/MyMaps/Level_01/A/P7/RPBPMDXZV7W928KNAO10UC
 |   |-     Editor Only: 0
 |   |-   Instance Guid: B8BE28FE490E76B7605B9C97DB035CCA
 |   |- [+] Container:
 |   |   |-        ID: 00000000000000000000000000000000
 |   |   |- Transform: 0.000000,0.000000,0.000000|0.000000,0.000000,-0.000000|1.000000,1.000000,1.000000
 |- [+] /Game/MyMaps/Level_01.Level_01:PersistentLevel.StaticMeshActor_UAID_02500ED62E82C03A02_1719610547
 |   |-         Package: /Game/__ExternalActors__/MyMaps/Level_01/0/HQ/V6CTHAJRY8RYTE63EJ3BQ3
 |   |-     Editor Only: 0
 |   |-   Instance Guid: D91667F3473269DAB8A9268DD1EFF4FD
 |   |- [+] Container:
 |   |   |-        ID: 00000000000000000000000000000000
 |   |   |- Transform: 0.000000,0.000000,0.000000|0.000000,0.000000,-0.000000|1.000000,1.000000,1.000000
[+] Content of Cell Level_01_MainPartition_0_-1_-1_2 (BLHQZ8H3P32L0SY8N6FKSOV48)
 |- Actor Count: 1
 |- [+] /Game/MyMaps/Level_01.Level_01:PersistentLevel.BP_HeightRespownVolumne_C_UAID_02500ED62E82683A02_1370304061
 |   |-         Package: /Game/__ExternalActors__/MyMaps/Level_01/7/UT/SETL2HHE67YWRATI5LE843
 |   |-     Editor Only: 0
 |   |-   Instance Guid: 1D2833AB4E6CFEB38D6F84A2EFDCE249
 |   |- [+] Container:
 |   |   |-        ID: 00000000000000000000000000000000
 |   |   |- Transform: 0.000000,0.000000,0.000000|0.000000,0.000000,-0.000000|1.000000,1.000000,1.000000
[+] Content of Cell Level_01_MainPartition_-1_-2_0_0 (CAVXZIW35ZE9VGVUO952TVVBH)
 |- Actor Count: 2
 |- [+] /Game/MyMaps/Level_01.Level_01:PersistentLevel.BP_Gate_C_UAID_02500ED62E82BF3A02_1132486360
 |   |-         Package: /Game/__ExternalActors__/MyMaps/Level_01/D/5W/1RN7VTXINV1HBAJDRU6CPJ
 |   |-     Editor Only: 0
 |   |-   Instance Guid: E6311DB448BA705B9B7064913BFBD7B4
 |   |- [+] Container:
 |   |   |-        ID: 00000000000000000000000000000000
 |   |   |- Transform: 0.000000,0.000000,0.000000|0.000000,0.000000,-0.000000|1.000000,1.000000,1.000000
 |- [+] /Game/MyMaps/Level_01.Level_01:PersistentLevel.StaticMeshActor_UAID_02500ED62E826A3A02_1458175420
 |   |-         Package: /Game/__ExternalActors__/MyMaps/Level_01/2/2U/M0W9U84XKQL0KYSTWRXLHW
 |   |-     Editor Only: 0
 |   |-   Instance Guid: F0819F5B4545C895C0A6ECB2A7159CAE
 |   |- [+] Container:
 |   |   |-        ID: 00000000000000000000000000000000
 |   |   |- Transform: 0.000000,0.000000,0.000000|0.000000,0.000000,-0.000000|1.000000,1.000000,1.000000

